This is XeTeX, Version 3.141592653-2.6-0.999994 (MiKTeX 23.1) (preloaded format=xelatex 2023.2.25)  4 MAR 2023 17:59
entering extended mode
 restricted \write18 enabled.
 %&-line parsing enabled.
**./paper.tex
(paper.tex
LaTeX2e <2022-11-01> patch level 1
L3 programming layer <2023-02-02> (C:\Users\there\AppData\Local\Programs\MiKTeX
\tex/latex/base\article.cls
Document Class: article 2022/07/02 v1.4n Standard LaTeX document class
(C:\Users\there\AppData\Local\Programs\MiKTeX\tex/latex/base\size10.clo
File: size10.clo 2022/07/02 v1.4n Standard LaTeX file (size option)
)
\c@part=\count181
\c@section=\count182
\c@subsection=\count183
\c@subsubsection=\count184
\c@paragraph=\count185
\c@subparagraph=\count186
\c@figure=\count187
\c@table=\count188
\abovecaptionskip=\skip48
\belowcaptionskip=\skip49
\bibindent=\dimen140
)
(C:\Users\there\AppData\Local\Programs\MiKTeX\tex/latex/marginnote\marginnote.s
ty
Package: marginnote 2018/08/09 v1.4b non floating margin notes for LaTeX
\c@mn@abspage=\count189
) (C:\Users\there\AppData\Local\Programs\MiKTeX\tex/latex/graphics\graphicx.sty
Package: graphicx 2021/09/16 v1.2d Enhanced LaTeX Graphics (DPC,SPQR)
(C:\Users\there\AppData\Local\Programs\MiKTeX\tex/latex/graphics\keyval.sty
Package: keyval 2022/05/29 v1.15 key=value parser (DPC)
\KV@toks@=\toks16
) (C:\Users\there\AppData\Local\Programs\MiKTeX\tex/latex/graphics\graphics.sty
Package: graphics 2022/03/10 v1.4e Standard LaTeX Graphics (DPC,SPQR)
(C:\Users\there\AppData\Local\Programs\MiKTeX\tex/latex/graphics\trig.sty
Package: trig 2021/08/11 v1.11 sin cos tan (DPC)
)
(C:\Users\there\AppData\Local\Programs\MiKTeX\tex/latex/graphics-cfg\graphics.c
fg
File: graphics.cfg 2016/06/04 v1.11 sample graphics configuration
)
Package graphics Info: Driver file: xetex.def on input line 107.
(C:\Users\there\AppData\Local\Programs\MiKTeX\tex/latex/graphics-def\xetex.def
File: xetex.def 2022/09/22 v5.0n Graphics/color driver for xetex
))
\Gin@req@height=\dimen141
\Gin@req@width=\dimen142
) (C:\Users\there\AppData\Local\Programs\MiKTeX\tex/latex/xcolor\xcolor.sty
Package: xcolor 2022/06/12 v2.14 LaTeX color extensions (UK)
(C:\Users\there\AppData\Local\Programs\MiKTeX\tex/latex/graphics-cfg\color.cfg
File: color.cfg 2016/01/02 v1.6 sample color configuration
)
Package xcolor Info: Driver file: xetex.def on input line 227.
(C:\Users\there\AppData\Local\Programs\MiKTeX\tex/latex/graphics\mathcolor.ltx)
Package xcolor Info: Model `cmy' substituted by `cmy0' on input line 1353.
Package xcolor Info: Model `RGB' extended on input line 1369.
Package xcolor Info: Model `HTML' substituted by `rgb' on input line 1371.
Package xcolor Info: Model `Hsb' substituted by `hsb' on input line 1372.
Package xcolor Info: Model `tHsb' substituted by `hsb' on input line 1373.
Package xcolor Info: Model `HSB' substituted by `hsb' on input line 1374.
Package xcolor Info: Model `Gray' substituted by `gray' on input line 1375.
Package xcolor Info: Model `wave' substituted by `hsb' on input line 1376.
) (C:\Users\there\AppData\Local\Programs\MiKTeX\tex/latex/preprint\authblk.sty
Package: authblk 2001/02/27 1.3 (PWD)
\affilsep=\skip50
\@affilsep=\skip51
\c@Maxaffil=\count190
\c@authors=\count191
\c@affil=\count192
) (C:\Users\there\AppData\Local\Programs\MiKTeX\tex/latex/etoolbox\etoolbox.sty
Package: etoolbox 2020/10/05 v2.5k e-TeX tools for LaTeX (JAW)
\etb@tempcnta=\count193
) (C:\Users\there\AppData\Local\Programs\MiKTeX\tex/latex/titlesec\titlesec.sty
Package: titlesec 2021/07/05 v2.14 Sectioning titles
\ttl@box=\box51
\beforetitleunit=\skip52
\aftertitleunit=\skip53
\ttl@plus=\dimen143
\ttl@minus=\dimen144
\ttl@toksa=\toks17
\titlewidth=\dimen145
\titlewidthlast=\dimen146
\titlewidthfirst=\dimen147
) (C:\Users\there\AppData\Local\Programs\MiKTeX\tex/latex/tools\calc.sty
Package: calc 2017/05/25 v4.3 Infix arithmetic (KKT,FJ)
\calc@Acount=\count194
\calc@Bcount=\count195
\calc@Adimen=\dimen148
\calc@Bdimen=\dimen149
\calc@Askip=\skip54
\calc@Bskip=\skip55
LaTeX Info: Redefining \setlength on input line 80.
LaTeX Info: Redefining \addtolength on input line 81.
\calc@Ccount=\count196
\calc@Cskip=\skip56
)
(C:\Users\there\AppData\Local\Programs\MiKTeX\tex/latex/pgf/frontendlayer\tikz.
sty (C:\Users\there\AppData\Local\Programs\MiKTeX\tex/latex/pgf/basiclayer\pgf.
sty
(C:\Users\there\AppData\Local\Programs\MiKTeX\tex/latex/pgf/utilities\pgfrcs.st
y
(C:\Users\there\AppData\Local\Programs\MiKTeX\tex/generic/pgf/utilities\pgfutil
-common.tex
\pgfutil@everybye=\toks18
\pgfutil@tempdima=\dimen150
\pgfutil@tempdimb=\dimen151
)
(C:\Users\there\AppData\Local\Programs\MiKTeX\tex/generic/pgf/utilities\pgfutil
-latex.def
\pgfutil@abb=\box52
)
(C:\Users\there\AppData\Local\Programs\MiKTeX\tex/generic/pgf/utilities\pgfrcs.
code.tex (C:\Users\there\AppData\Local\Programs\MiKTeX\tex/generic/pgf\pgf.revi
sion.tex)
Package: pgfrcs 2023-01-15 v3.1.10 (3.1.10)
))
Package: pgf 2023-01-15 v3.1.10 (3.1.10)

(C:\Users\there\AppData\Local\Programs\MiKTeX\tex/latex/pgf/basiclayer\pgfcore.
sty
(C:\Users\there\AppData\Local\Programs\MiKTeX\tex/latex/pgf/systemlayer\pgfsys.
sty
(C:\Users\there\AppData\Local\Programs\MiKTeX\tex/generic/pgf/systemlayer\pgfsy
s.code.tex
Package: pgfsys 2023-01-15 v3.1.10 (3.1.10)

(C:\Users\there\AppData\Local\Programs\MiKTeX\tex/generic/pgf/utilities\pgfkeys
.code.tex
\pgfkeys@pathtoks=\toks19
\pgfkeys@temptoks=\toks20

(C:\Users\there\AppData\Local\Programs\MiKTeX\tex/generic/pgf/utilities\pgfkeys
libraryfiltered.code.tex
\pgfkeys@tmptoks=\toks21
))
\pgf@x=\dimen152
\pgf@y=\dimen153
\pgf@xa=\dimen154
\pgf@ya=\dimen155
\pgf@xb=\dimen156
\pgf@yb=\dimen157
\pgf@xc=\dimen158
\pgf@yc=\dimen159
\pgf@xd=\dimen160
\pgf@yd=\dimen161
\w@pgf@writea=\write3
\r@pgf@reada=\read2
\c@pgf@counta=\count197
\c@pgf@countb=\count198
\c@pgf@countc=\count199
\c@pgf@countd=\count266
\t@pgf@toka=\toks22
\t@pgf@tokb=\toks23
\t@pgf@tokc=\toks24
\pgf@sys@id@count=\count267

(C:\Users\there\AppData\Local\Programs\MiKTeX\tex/generic/pgf/systemlayer\pgf.c
fg
File: pgf.cfg 2023-01-15 v3.1.10 (3.1.10)
)
Driver file for pgf: pgfsys-xetex.def

(C:\Users\there\AppData\Local\Programs\MiKTeX\tex/generic/pgf/systemlayer\pgfsy
s-xetex.def
File: pgfsys-xetex.def 2023-01-15 v3.1.10 (3.1.10)

(C:\Users\there\AppData\Local\Programs\MiKTeX\tex/generic/pgf/systemlayer\pgfsy
s-dvipdfmx.def
File: pgfsys-dvipdfmx.def 2023-01-15 v3.1.10 (3.1.10)

(C:\Users\there\AppData\Local\Programs\MiKTeX\tex/generic/pgf/systemlayer\pgfsy
s-common-pdf.def
File: pgfsys-common-pdf.def 2023-01-15 v3.1.10 (3.1.10)
)
\pgfsys@objnum=\count268
)))
(C:\Users\there\AppData\Local\Programs\MiKTeX\tex/generic/pgf/systemlayer\pgfsy
ssoftpath.code.tex
File: pgfsyssoftpath.code.tex 2023-01-15 v3.1.10 (3.1.10)
\pgfsyssoftpath@smallbuffer@items=\count269
\pgfsyssoftpath@bigbuffer@items=\count270
)
(C:\Users\there\AppData\Local\Programs\MiKTeX\tex/generic/pgf/systemlayer\pgfsy
sprotocol.code.tex
File: pgfsysprotocol.code.tex 2023-01-15 v3.1.10 (3.1.10)
))
(C:\Users\there\AppData\Local\Programs\MiKTeX\tex/generic/pgf/basiclayer\pgfcor
e.code.tex
Package: pgfcore 2023-01-15 v3.1.10 (3.1.10)

(C:\Users\there\AppData\Local\Programs\MiKTeX\tex/generic/pgf/math\pgfmath.code
.tex
(C:\Users\there\AppData\Local\Programs\MiKTeX\tex/generic/pgf/math\pgfmathutil.
code.tex)
(C:\Users\there\AppData\Local\Programs\MiKTeX\tex/generic/pgf/math\pgfmathparse
r.code.tex
\pgfmath@dimen=\dimen162
\pgfmath@count=\count271
\pgfmath@box=\box53
\pgfmath@toks=\toks25
\pgfmath@stack@operand=\toks26
\pgfmath@stack@operation=\toks27
)
(C:\Users\there\AppData\Local\Programs\MiKTeX\tex/generic/pgf/math\pgfmathfunct
ions.code.tex)
(C:\Users\there\AppData\Local\Programs\MiKTeX\tex/generic/pgf/math\pgfmathfunct
ions.basic.code.tex)
(C:\Users\there\AppData\Local\Programs\MiKTeX\tex/generic/pgf/math\pgfmathfunct
ions.trigonometric.code.tex)
(C:\Users\there\AppData\Local\Programs\MiKTeX\tex/generic/pgf/math\pgfmathfunct
ions.random.code.tex)
(C:\Users\there\AppData\Local\Programs\MiKTeX\tex/generic/pgf/math\pgfmathfunct
ions.comparison.code.tex)
(C:\Users\there\AppData\Local\Programs\MiKTeX\tex/generic/pgf/math\pgfmathfunct
ions.base.code.tex)
(C:\Users\there\AppData\Local\Programs\MiKTeX\tex/generic/pgf/math\pgfmathfunct
ions.round.code.tex)
(C:\Users\there\AppData\Local\Programs\MiKTeX\tex/generic/pgf/math\pgfmathfunct
ions.misc.code.tex)
(C:\Users\there\AppData\Local\Programs\MiKTeX\tex/generic/pgf/math\pgfmathfunct
ions.integerarithmetics.code.tex)
(C:\Users\there\AppData\Local\Programs\MiKTeX\tex/generic/pgf/math\pgfmathcalc.
code.tex)
(C:\Users\there\AppData\Local\Programs\MiKTeX\tex/generic/pgf/math\pgfmathfloat
.code.tex
\c@pgfmathroundto@lastzeros=\count272
))
(C:\Users\there\AppData\Local\Programs\MiKTeX\tex/generic/pgf/math\pgfint.code.
tex)
(C:\Users\there\AppData\Local\Programs\MiKTeX\tex/generic/pgf/basiclayer\pgfcor
epoints.code.tex
File: pgfcorepoints.code.tex 2023-01-15 v3.1.10 (3.1.10)
\pgf@picminx=\dimen163
\pgf@picmaxx=\dimen164
\pgf@picminy=\dimen165
\pgf@picmaxy=\dimen166
\pgf@pathminx=\dimen167
\pgf@pathmaxx=\dimen168
\pgf@pathminy=\dimen169
\pgf@pathmaxy=\dimen170
\pgf@xx=\dimen171
\pgf@xy=\dimen172
\pgf@yx=\dimen173
\pgf@yy=\dimen174
\pgf@zx=\dimen175
\pgf@zy=\dimen176
)
(C:\Users\there\AppData\Local\Programs\MiKTeX\tex/generic/pgf/basiclayer\pgfcor
epathconstruct.code.tex
File: pgfcorepathconstruct.code.tex 2023-01-15 v3.1.10 (3.1.10)
\pgf@path@lastx=\dimen177
\pgf@path@lasty=\dimen178
)
(C:\Users\there\AppData\Local\Programs\MiKTeX\tex/generic/pgf/basiclayer\pgfcor
epathusage.code.tex
File: pgfcorepathusage.code.tex 2023-01-15 v3.1.10 (3.1.10)
\pgf@shorten@end@additional=\dimen179
\pgf@shorten@start@additional=\dimen180
)
(C:\Users\there\AppData\Local\Programs\MiKTeX\tex/generic/pgf/basiclayer\pgfcor
escopes.code.tex
File: pgfcorescopes.code.tex 2023-01-15 v3.1.10 (3.1.10)
\pgfpic=\box54
\pgf@hbox=\box55
\pgf@layerbox@main=\box56
\pgf@picture@serial@count=\count273
)
(C:\Users\there\AppData\Local\Programs\MiKTeX\tex/generic/pgf/basiclayer\pgfcor
egraphicstate.code.tex
File: pgfcoregraphicstate.code.tex 2023-01-15 v3.1.10 (3.1.10)
\pgflinewidth=\dimen181
)
(C:\Users\there\AppData\Local\Programs\MiKTeX\tex/generic/pgf/basiclayer\pgfcor
etransformations.code.tex
File: pgfcoretransformations.code.tex 2023-01-15 v3.1.10 (3.1.10)
\pgf@pt@x=\dimen182
\pgf@pt@y=\dimen183
\pgf@pt@temp=\dimen184
)
(C:\Users\there\AppData\Local\Programs\MiKTeX\tex/generic/pgf/basiclayer\pgfcor
equick.code.tex
File: pgfcorequick.code.tex 2023-01-15 v3.1.10 (3.1.10)
)
(C:\Users\there\AppData\Local\Programs\MiKTeX\tex/generic/pgf/basiclayer\pgfcor
eobjects.code.tex
File: pgfcoreobjects.code.tex 2023-01-15 v3.1.10 (3.1.10)
)
(C:\Users\there\AppData\Local\Programs\MiKTeX\tex/generic/pgf/basiclayer\pgfcor
epathprocessing.code.tex
File: pgfcorepathprocessing.code.tex 2023-01-15 v3.1.10 (3.1.10)
)
(C:\Users\there\AppData\Local\Programs\MiKTeX\tex/generic/pgf/basiclayer\pgfcor
earrows.code.tex
File: pgfcorearrows.code.tex 2023-01-15 v3.1.10 (3.1.10)
\pgfarrowsep=\dimen185
)
(C:\Users\there\AppData\Local\Programs\MiKTeX\tex/generic/pgf/basiclayer\pgfcor
eshade.code.tex
File: pgfcoreshade.code.tex 2023-01-15 v3.1.10 (3.1.10)
\pgf@max=\dimen186
\pgf@sys@shading@range@num=\count274
\pgf@shadingcount=\count275
)
(C:\Users\there\AppData\Local\Programs\MiKTeX\tex/generic/pgf/basiclayer\pgfcor
eimage.code.tex
File: pgfcoreimage.code.tex 2023-01-15 v3.1.10 (3.1.10)
)
(C:\Users\there\AppData\Local\Programs\MiKTeX\tex/generic/pgf/basiclayer\pgfcor
eexternal.code.tex
File: pgfcoreexternal.code.tex 2023-01-15 v3.1.10 (3.1.10)
\pgfexternal@startupbox=\box57
)
(C:\Users\there\AppData\Local\Programs\MiKTeX\tex/generic/pgf/basiclayer\pgfcor
elayers.code.tex
File: pgfcorelayers.code.tex 2023-01-15 v3.1.10 (3.1.10)
)
(C:\Users\there\AppData\Local\Programs\MiKTeX\tex/generic/pgf/basiclayer\pgfcor
etransparency.code.tex
File: pgfcoretransparency.code.tex 2023-01-15 v3.1.10 (3.1.10)
)
(C:\Users\there\AppData\Local\Programs\MiKTeX\tex/generic/pgf/basiclayer\pgfcor
epatterns.code.tex
File: pgfcorepatterns.code.tex 2023-01-15 v3.1.10 (3.1.10)
)
(C:\Users\there\AppData\Local\Programs\MiKTeX\tex/generic/pgf/basiclayer\pgfcor
erdf.code.tex
File: pgfcorerdf.code.tex 2023-01-15 v3.1.10 (3.1.10)
)))
(C:\Users\there\AppData\Local\Programs\MiKTeX\tex/generic/pgf/modules\pgfmodule
shapes.code.tex
File: pgfmoduleshapes.code.tex 2023-01-15 v3.1.10 (3.1.10)
\pgfnodeparttextbox=\box58
)
(C:\Users\there\AppData\Local\Programs\MiKTeX\tex/generic/pgf/modules\pgfmodule
plot.code.tex
File: pgfmoduleplot.code.tex 2023-01-15 v3.1.10 (3.1.10)
)
(C:\Users\there\AppData\Local\Programs\MiKTeX\tex/latex/pgf/compatibility\pgfco
mp-version-0-65.sty
Package: pgfcomp-version-0-65 2023-01-15 v3.1.10 (3.1.10)
\pgf@nodesepstart=\dimen187
\pgf@nodesepend=\dimen188
)
(C:\Users\there\AppData\Local\Programs\MiKTeX\tex/latex/pgf/compatibility\pgfco
mp-version-1-18.sty
Package: pgfcomp-version-1-18 2023-01-15 v3.1.10 (3.1.10)
))
(C:\Users\there\AppData\Local\Programs\MiKTeX\tex/latex/pgf/utilities\pgffor.st
y
(C:\Users\there\AppData\Local\Programs\MiKTeX\tex/latex/pgf/utilities\pgfkeys.s
ty
(C:\Users\there\AppData\Local\Programs\MiKTeX\tex/generic/pgf/utilities\pgfkeys
.code.tex)) (C:\Users\there\AppData\Local\Programs\MiKTeX\tex/latex/pgf/math\pg
fmath.sty
(C:\Users\there\AppData\Local\Programs\MiKTeX\tex/generic/pgf/math\pgfmath.code
.tex))
(C:\Users\there\AppData\Local\Programs\MiKTeX\tex/generic/pgf/utilities\pgffor.
code.tex
Package: pgffor 2023-01-15 v3.1.10 (3.1.10)
\pgffor@iter=\dimen189
\pgffor@skip=\dimen190
\pgffor@stack=\toks28
\pgffor@toks=\toks29
))
(C:\Users\there\AppData\Local\Programs\MiKTeX\tex/generic/pgf/frontendlayer/tik
z\tikz.code.tex
Package: tikz 2023-01-15 v3.1.10 (3.1.10)

(C:\Users\there\AppData\Local\Programs\MiKTeX\tex/generic/pgf/libraries\pgflibr
aryplothandlers.code.tex
File: pgflibraryplothandlers.code.tex 2023-01-15 v3.1.10 (3.1.10)
\pgf@plot@mark@count=\count276
\pgfplotmarksize=\dimen191
)
\tikz@lastx=\dimen192
\tikz@lasty=\dimen193
\tikz@lastxsaved=\dimen194
\tikz@lastysaved=\dimen195
\tikz@lastmovetox=\dimen196
\tikz@lastmovetoy=\dimen197
\tikzleveldistance=\dimen198
\tikzsiblingdistance=\dimen199
\tikz@figbox=\box59
\tikz@figbox@bg=\box60
\tikz@tempbox=\box61
\tikz@tempbox@bg=\box62
\tikztreelevel=\count277
\tikznumberofchildren=\count278
\tikznumberofcurrentchild=\count279
\tikz@fig@count=\count280

(C:\Users\there\AppData\Local\Programs\MiKTeX\tex/generic/pgf/modules\pgfmodule
matrix.code.tex
File: pgfmodulematrix.code.tex 2023-01-15 v3.1.10 (3.1.10)
\pgfmatrixcurrentrow=\count281
\pgfmatrixcurrentcolumn=\count282
\pgf@matrix@numberofcolumns=\count283
)
\tikz@expandcount=\count284

(C:\Users\there\AppData\Local\Programs\MiKTeX\tex/generic/pgf/frontendlayer/tik
z/libraries\tikzlibrarytopaths.code.tex
File: tikzlibrarytopaths.code.tex 2023-01-15 v3.1.10 (3.1.10)
))) (C:\Users\there\AppData\Local\Programs\MiKTeX\tex/latex/hyperref\hyperref.s
ty
Package: hyperref 2022-11-13 v7.00u Hypertext links for LaTeX
(C:\Users\there\AppData\Local\Programs\MiKTeX\tex/generic/ltxcmds\ltxcmds.sty
Package: ltxcmds 2020-05-10 v1.25 LaTeX kernel commands for general use (HO)
) (C:\Users\there\AppData\Local\Programs\MiKTeX\tex/generic/iftex\iftex.sty
Package: iftex 2022/02/03 v1.0f TeX engine tests
)
(C:\Users\there\AppData\Local\Programs\MiKTeX\tex/generic/pdftexcmds\pdftexcmds
.sty
Package: pdftexcmds 2020-06-27 v0.33 Utility functions of pdfTeX for LuaTeX (HO
)

(C:\Users\there\AppData\Local\Programs\MiKTeX\tex/generic/infwarerr\infwarerr.s
ty
Package: infwarerr 2019/12/03 v1.5 Providing info/warning/error messages (HO)
)
Package pdftexcmds Info: \pdf@primitive is available.
Package pdftexcmds Info: \pdf@ifprimitive is available.
Package pdftexcmds Info: \pdfdraftmode not found.
)
(C:\Users\there\AppData\Local\Programs\MiKTeX\tex/latex/kvsetkeys\kvsetkeys.sty
Package: kvsetkeys 2022-10-05 v1.19 Key value parser (HO)
)
(C:\Users\there\AppData\Local\Programs\MiKTeX\tex/generic/kvdefinekeys\kvdefine
keys.sty
Package: kvdefinekeys 2019-12-19 v1.6 Define keys (HO)
)
(C:\Users\there\AppData\Local\Programs\MiKTeX\tex/generic/pdfescape\pdfescape.s
ty
Package: pdfescape 2019/12/09 v1.15 Implements pdfTeX's escape features (HO)
) (C:\Users\there\AppData\Local\Programs\MiKTeX\tex/latex/hycolor\hycolor.sty
Package: hycolor 2020-01-27 v1.10 Color options for hyperref/bookmark (HO)
)
(C:\Users\there\AppData\Local\Programs\MiKTeX\tex/latex/letltxmacro\letltxmacro
.sty
Package: letltxmacro 2019/12/03 v1.6 Let assignment for LaTeX macros (HO)
) (C:\Users\there\AppData\Local\Programs\MiKTeX\tex/latex/auxhook\auxhook.sty
Package: auxhook 2019-12-17 v1.6 Hooks for auxiliary files (HO)
) (C:\Users\there\AppData\Local\Programs\MiKTeX\tex/latex/hyperref\nameref.sty
Package: nameref 2022-05-17 v2.50 Cross-referencing by name of section
(C:\Users\there\AppData\Local\Programs\MiKTeX\tex/latex/refcount\refcount.sty
Package: refcount 2019/12/15 v3.6 Data extraction from label references (HO)
)
(C:\Users\there\AppData\Local\Programs\MiKTeX\tex/generic/gettitlestring\gettit
lestring.sty
Package: gettitlestring 2019/12/15 v1.6 Cleanup title references (HO)

(C:\Users\there\AppData\Local\Programs\MiKTeX\tex/latex/kvoptions\kvoptions.sty
Package: kvoptions 2022-06-15 v3.15 Key value format for package options (HO)
))
\c@section@level=\count285
)
\@linkdim=\dimen256
\Hy@linkcounter=\count286
\Hy@pagecounter=\count287
(C:\Users\there\AppData\Local\Programs\MiKTeX\tex/latex/hyperref\pd1enc.def
File: pd1enc.def 2022-11-13 v7.00u Hyperref: PDFDocEncoding definition (HO)
) (C:\Users\there\AppData\Local\Programs\MiKTeX\tex/generic/intcalc\intcalc.sty
Package: intcalc 2019/12/15 v1.3 Expandable calculations with integers (HO)
)
(C:\Users\there\AppData\Local\Programs\MiKTeX\tex/generic/etexcmds\etexcmds.sty
Package: etexcmds 2019/12/15 v1.7 Avoid name clashes with e-TeX commands (HO)
)
\Hy@SavedSpaceFactor=\count288
(C:\Users\there\AppData\Local\Programs\MiKTeX\tex/latex/hyperref\puenc.def
File: puenc.def 2022-11-13 v7.00u Hyperref: PDF Unicode definition (HO)
)
Package hyperref Info: Hyper figures OFF on input line 4162.
Package hyperref Info: Link nesting OFF on input line 4167.
Package hyperref Info: Hyper index ON on input line 4170.
Package hyperref Info: Plain pages OFF on input line 4177.
Package hyperref Info: Backreferencing OFF on input line 4182.
Package hyperref Info: Implicit mode ON; LaTeX internals redefined.
Package hyperref Info: Bookmarks ON on input line 4410.
\c@Hy@tempcnt=\count289
(C:\Users\there\AppData\Local\Programs\MiKTeX\tex/latex/url\url.sty
\Urlmuskip=\muskip16
Package: url 2013/09/16  ver 3.4  Verb mode for urls, etc.
)
LaTeX Info: Redefining \url on input line 4748.
\XeTeXLinkMargin=\dimen257
(C:\Users\there\AppData\Local\Programs\MiKTeX\tex/generic/bitset\bitset.sty
Package: bitset 2019/12/09 v1.3 Handle bit-vector datatype (HO)

(C:\Users\there\AppData\Local\Programs\MiKTeX\tex/generic/bigintcalc\bigintcalc
.sty
Package: bigintcalc 2019/12/15 v1.5 Expandable calculations on big integers (HO
)
))
\Fld@menulength=\count290
\Field@Width=\dimen258
\Fld@charsize=\dimen259
Package hyperref Info: Hyper figures OFF on input line 6027.
Package hyperref Info: Link nesting OFF on input line 6032.
Package hyperref Info: Hyper index ON on input line 6035.
Package hyperref Info: backreferencing OFF on input line 6042.
Package hyperref Info: Link coloring OFF on input line 6047.
Package hyperref Info: Link coloring with OCG OFF on input line 6052.
Package hyperref Info: PDF/A mode OFF on input line 6057.
(C:\Users\there\AppData\Local\Programs\MiKTeX\tex/latex/base\atbegshi-ltx.sty
Package: atbegshi-ltx 2021/01/10 v1.0c Emulation of the original atbegshi
package with kernel methods
)
\Hy@abspage=\count291
\c@Item=\count292
\c@Hfootnote=\count293
)
Package hyperref Info: Driver (autodetected): hxetex.
(C:\Users\there\AppData\Local\Programs\MiKTeX\tex/latex/hyperref\hxetex.def
File: hxetex.def 2022-11-13 v7.00u Hyperref driver for XeTeX

(C:\Users\there\AppData\Local\Programs\MiKTeX\tex/generic/stringenc\stringenc.s
ty
Package: stringenc 2019/11/29 v1.12 Convert strings between diff. encodings (HO
)
)
\pdfm@box=\box63
\c@Hy@AnnotLevel=\count294
\HyField@AnnotCount=\count295
\Fld@listcount=\count296
\c@bookmark@seq@number=\count297

(C:\Users\there\AppData\Local\Programs\MiKTeX\tex/latex/rerunfilecheck\rerunfil
echeck.sty
Package: rerunfilecheck 2022-07-10 v1.10 Rerun checks for auxiliary files (HO)
(C:\Users\there\AppData\Local\Programs\MiKTeX\tex/latex/base\atveryend-ltx.sty
Package: atveryend-ltx 2020/08/19 v1.0a Emulation of the original atveryend pac
kage
with kernel methods
)
(C:\Users\there\AppData\Local\Programs\MiKTeX\tex/generic/uniquecounter\uniquec
ounter.sty
Package: uniquecounter 2019/12/15 v1.4 Provide unlimited unique counter (HO)
)
Package uniquecounter Info: New unique counter `rerunfilecheck' on input line 2
85.
)
\Hy@SectionHShift=\skip57
)
Package hyperref Info: Option `colorlinks' set `true' on input line 12.
Package hyperref Info: Option `breaklinks' set `true' on input line 12.
(C:\Users\there\AppData\Local\Programs\MiKTeX\tex/latex/caption\caption.sty
Package: caption 2022/03/01 v3.6b Customizing captions (AR)
(C:\Users\there\AppData\Local\Programs\MiKTeX\tex/latex/caption\caption3.sty
Package: caption3 2022/03/17 v2.3b caption3 kernel (AR)
\caption@tempdima=\dimen260
\captionmargin=\dimen261
\caption@leftmargin=\dimen262
\caption@rightmargin=\dimen263
\caption@width=\dimen264
\caption@indent=\dimen265
\caption@parindent=\dimen266
\caption@hangindent=\dimen267
Package caption Info: Standard document class detected.
)
\c@caption@flags=\count298
\c@continuedfloat=\count299
Package caption Info: hyperref package is loaded.
)
(C:\Users\there\AppData\Local\Programs\MiKTeX\tex/latex/tcolorbox\tcolorbox.sty
Package: tcolorbox 2022/06/24 version 5.1.1 text color boxes
(C:\Users\there\AppData\Local\Programs\MiKTeX\tex/latex/tools\verbatim.sty
Package: verbatim 2020-07-07 v1.5u LaTeX2e package for verbatim enhancements
\every@verbatim=\toks30
\verbatim@line=\toks31
\verbatim@in@stream=\read3
) (C:\Users\there\AppData\Local\Programs\MiKTeX\tex/latex/environ\environ.sty
Package: environ 2014/05/04 v0.3 A new way to define environments

(C:\Users\there\AppData\Local\Programs\MiKTeX\tex/latex/trimspaces\trimspaces.s
ty
Package: trimspaces 2009/09/17 v1.1 Trim spaces around a token list
)
\@envbody=\toks32
)
\tcb@titlebox=\box64
\tcb@upperbox=\box65
\tcb@lowerbox=\box66
\tcb@phantombox=\box67
\c@tcbbreakpart=\count300
\c@tcblayer=\count301
\c@tcolorbox@number=\count302
\tcb@temp=\box68
\tcb@temp=\box69
\tcb@temp=\box70
\tcb@temp=\box71
) (C:\Users\there\AppData\Local\Programs\MiKTeX\tex/latex/amsfonts\amssymb.sty
Package: amssymb 2013/01/14 v3.01 AMS font symbols
(C:\Users\there\AppData\Local\Programs\MiKTeX\tex/latex/amsfonts\amsfonts.sty
Package: amsfonts 2013/01/14 v3.01 Basic AMSFonts support
\@emptytoks=\toks33
\symAMSa=\mathgroup4
\symAMSb=\mathgroup5
LaTeX Font Info:    Redeclaring math symbol \hbar on input line 98.
LaTeX Font Info:    Overwriting math alphabet `\mathfrak' in version `bold'
(Font)                  U/euf/m/n --> U/euf/b/n on input line 106.
)) (C:\Users\there\AppData\Local\Programs\MiKTeX\tex/latex/amsmath\amsmath.sty
Package: amsmath 2022/04/08 v2.17n AMS math features
\@mathmargin=\skip58
For additional information on amsmath, use the `?' option.
(C:\Users\there\AppData\Local\Programs\MiKTeX\tex/latex/amsmath\amstext.sty
Package: amstext 2021/08/26 v2.01 AMS text
(C:\Users\there\AppData\Local\Programs\MiKTeX\tex/latex/amsmath\amsgen.sty
File: amsgen.sty 1999/11/30 v2.0 generic functions
\@emptytoks=\toks34
\ex@=\dimen268
)) (C:\Users\there\AppData\Local\Programs\MiKTeX\tex/latex/amsmath\amsbsy.sty
Package: amsbsy 1999/11/29 v1.2d Bold Symbols
\pmbraise@=\dimen269
) (C:\Users\there\AppData\Local\Programs\MiKTeX\tex/latex/amsmath\amsopn.sty
Package: amsopn 2022/04/08 v2.04 operator names
)
\inf@bad=\count303
LaTeX Info: Redefining \frac on input line 234.
\uproot@=\count304
\leftroot@=\count305
LaTeX Info: Redefining \overline on input line 399.
LaTeX Info: Redefining \colon on input line 410.
\classnum@=\count306
\DOTSCASE@=\count307
LaTeX Info: Redefining \ldots on input line 496.
LaTeX Info: Redefining \dots on input line 499.
LaTeX Info: Redefining \cdots on input line 620.
\Mathstrutbox@=\box72
\strutbox@=\box73
LaTeX Info: Redefining \big on input line 722.
LaTeX Info: Redefining \Big on input line 723.
LaTeX Info: Redefining \bigg on input line 724.
LaTeX Info: Redefining \Bigg on input line 725.
\big@size=\dimen270
LaTeX Font Info:    Redeclaring font encoding OML on input line 743.
LaTeX Font Info:    Redeclaring font encoding OMS on input line 744.
\macc@depth=\count308
LaTeX Info: Redefining \bmod on input line 905.
LaTeX Info: Redefining \pmod on input line 910.
LaTeX Info: Redefining \smash on input line 940.
LaTeX Info: Redefining \relbar on input line 970.
LaTeX Info: Redefining \Relbar on input line 971.
\c@MaxMatrixCols=\count309
\dotsspace@=\muskip17
\c@parentequation=\count310
\dspbrk@lvl=\count311
\tag@help=\toks35
\row@=\count312
\column@=\count313
\maxfields@=\count314
\andhelp@=\toks36
\eqnshift@=\dimen271
\alignsep@=\dimen272
\tagshift@=\dimen273
\tagwidth@=\dimen274
\totwidth@=\dimen275
\lineht@=\dimen276
\@envbody=\toks37
\multlinegap=\skip59
\multlinetaggap=\skip60
\mathdisplay@stack=\toks38
LaTeX Info: Redefining \[ on input line 2953.
LaTeX Info: Redefining \] on input line 2954.
) (C:\Users\there\AppData\Local\Programs\MiKTeX\tex/generic/iftex\ifxetex.sty
Package: ifxetex 2019/10/25 v0.7 ifxetex legacy package. Use iftex instead.
) (C:\Users\there\AppData\Local\Programs\MiKTeX\tex/generic/iftex\ifluatex.sty
Package: ifluatex 2019/10/25 v1.5 ifluatex legacy package. Use iftex instead.
) (C:\Users\there\AppData\Local\Programs\MiKTeX\tex/latex/seqsplit\seqsplit.sty
Package: seqsplit 2006/08/07 v0.1 Splitting long sequences (DNA, RNA, proteins,
 etc.) 
) (C:\Users\there\AppData\Local\Programs\MiKTeX\tex/latex/base\fixltx2e.sty
Package: fixltx2e 2016/12/29 v2.1a fixes to LaTeX (obsolete)
Applying: [2015/01/01] Old fixltx2e package on input line 46.

Package fixltx2e Warning: fixltx2e is not required with releases after 2015
(fixltx2e)                All fixes are now in the LaTeX kernel.
(fixltx2e)                See the latexrelease package for details.

Already applied: [0000/00/00] Old fixltx2e package on input line 53.
) (C:\Users\there\AppData\Local\Programs\MiKTeX\tex/latex/biblatex\biblatex.sty
Package: biblatex 2022/07/12 v3.18b programmable bibliographies (PK/MW)
(C:\Users\there\AppData\Local\Programs\MiKTeX\tex/latex/logreq\logreq.sty
Package: logreq 2010/08/04 v1.0 xml request logger
\lrq@indent=\count315
(C:\Users\there\AppData\Local\Programs\MiKTeX\tex/latex/logreq\logreq.def
File: logreq.def 2010/08/04 v1.0 logreq spec v1.0
)) (C:\Users\there\AppData\Local\Programs\MiKTeX\tex/latex/base\ifthen.sty
Package: ifthen 2022/04/13 v1.1d Standard LaTeX ifthen package (DPC)
)
\c@tabx@nest=\count316
\c@listtotal=\count317
\c@listcount=\count318
\c@liststart=\count319
\c@liststop=\count320
\c@citecount=\count321
\c@citetotal=\count322
\c@multicitecount=\count323
\c@multicitetotal=\count324
\c@instcount=\count325
\c@maxnames=\count326
\c@minnames=\count327
\c@maxitems=\count328
\c@minitems=\count329
\c@citecounter=\count330
\c@maxcitecounter=\count331
\c@savedcitecounter=\count332
\c@uniquelist=\count333
\c@uniquename=\count334
\c@refsection=\count335
\c@refsegment=\count336
\c@maxextratitle=\count337
\c@maxextratitleyear=\count338
\c@maxextraname=\count339
\c@maxextradate=\count340
\c@maxextraalpha=\count341
\c@abbrvpenalty=\count342
\c@highnamepenalty=\count343
\c@lownamepenalty=\count344
\c@maxparens=\count345
\c@parenlevel=\count346
\blx@tempcnta=\count347
\blx@tempcntb=\count348
\blx@tempcntc=\count349
\c@blx@maxsection=\count350
\blx@maxsegment@0=\count351
\blx@notetype=\count352
\blx@parenlevel@text=\count353
\blx@parenlevel@foot=\count354
\blx@sectionciteorder@0=\count355
\blx@sectionciteorderinternal@0=\count356
\blx@entrysetcounter=\count357
\blx@biblioinstance=\count358
\labelnumberwidth=\skip61
\labelalphawidth=\skip62
\biblabelsep=\skip63
\bibitemsep=\skip64
\bibnamesep=\skip65
\bibinitsep=\skip66
\bibparsep=\skip67
\bibhang=\skip68
\blx@bcfin=\read4
\blx@bcfout=\write4
\blx@langwohyphens=\language79
\c@mincomprange=\count359
\c@maxcomprange=\count360
\c@mincompwidth=\count361
Package biblatex Info: Trying to load biblatex default data model...
Package biblatex Info: ... file 'blx-dm.def' found.
(C:\Users\there\AppData\Local\Programs\MiKTeX\tex/latex/biblatex\blx-dm.def
File: blx-dm.def 2022/07/12 v3.18b biblatex localization (PK/MW)
)
Package biblatex Info: Trying to load biblatex custom data model...
Package biblatex Info: ... file 'biblatex-dm.cfg' not found.
\c@afterword=\count362
\c@savedafterword=\count363
\c@annotator=\count364
\c@savedannotator=\count365
\c@author=\count366
\c@savedauthor=\count367
\c@bookauthor=\count368
\c@savedbookauthor=\count369
\c@commentator=\count370
\c@savedcommentator=\count371
\c@editor=\count372
\c@savededitor=\count373
\c@editora=\count374
\c@savededitora=\count375
\c@editorb=\count376
\c@savededitorb=\count377
\c@editorc=\count378
\c@savededitorc=\count379
\c@foreword=\count380
\c@savedforeword=\count381
\c@holder=\count382
\c@savedholder=\count383
\c@introduction=\count384
\c@savedintroduction=\count385
\c@namea=\count386
\c@savednamea=\count387
\c@nameb=\count388
\c@savednameb=\count389
\c@namec=\count390
\c@savednamec=\count391
\c@translator=\count392
\c@savedtranslator=\count393
\c@shortauthor=\count394
\c@savedshortauthor=\count395
\c@shorteditor=\count396
\c@savedshorteditor=\count397
\c@labelname=\count398
\c@savedlabelname=\count399
\c@institution=\count400
\c@savedinstitution=\count401
\c@lista=\count402
\c@savedlista=\count403
\c@listb=\count404
\c@savedlistb=\count405
\c@listc=\count406
\c@savedlistc=\count407
\c@listd=\count408
\c@savedlistd=\count409
\c@liste=\count410
\c@savedliste=\count411
\c@listf=\count412
\c@savedlistf=\count413
\c@location=\count414
\c@savedlocation=\count415
\c@organization=\count416
\c@savedorganization=\count417
\c@origlocation=\count418
\c@savedoriglocation=\count419
\c@origpublisher=\count420
\c@savedorigpublisher=\count421
\c@publisher=\count422
\c@savedpublisher=\count423
\c@language=\count424
\c@savedlanguage=\count425
\c@origlanguage=\count426
\c@savedoriglanguage=\count427
\c@pageref=\count428
\c@savedpageref=\count429
\shorthandwidth=\skip69
\shortjournalwidth=\skip70
\shortserieswidth=\skip71
\shorttitlewidth=\skip72
\shortauthorwidth=\skip73
\shorteditorwidth=\skip74
\locallabelnumberwidth=\skip75
\locallabelalphawidth=\skip76
\localshorthandwidth=\skip77
\localshortjournalwidth=\skip78
\localshortserieswidth=\skip79
\localshorttitlewidth=\skip80
\localshortauthorwidth=\skip81
\localshorteditorwidth=\skip82
Package biblatex Info: Trying to load enhanced support for Unicode engines...
Package biblatex Info: ... file 'blx-unicode.def' found.

(C:\Users\there\AppData\Local\Programs\MiKTeX\tex/latex/biblatex\blx-unicode.de
f)
Package biblatex Info: Trying to load compatibility code...
Package biblatex Info: ... file 'blx-compat.def' found.

(C:\Users\there\AppData\Local\Programs\MiKTeX\tex/latex/biblatex\blx-compat.def
File: blx-compat.def 2022/07/12 v3.18b biblatex compatibility (PK/MW)
)
Package biblatex Info: Trying to load generic definitions...
Package biblatex Info: ... file 'biblatex.def' found.
(C:\Users\there\AppData\Local\Programs\MiKTeX\tex/latex/biblatex\biblatex.def
File: biblatex.def 2022/07/12 v3.18b biblatex compatibility (PK/MW)
\c@textcitecount=\count430
\c@textcitetotal=\count431
\c@textcitemaxnames=\count432
\c@biburlbigbreakpenalty=\count433
\c@biburlbreakpenalty=\count434
\c@biburlnumpenalty=\count435
\c@biburlucpenalty=\count436
\c@biburllcpenalty=\count437
\biburlbigskip=\muskip18
\biburlnumskip=\muskip19
\biburlucskip=\muskip20
\biburllcskip=\muskip21
\c@smartand=\count438
)
Package biblatex Info: Trying to load bibliography style 'numeric'...
Package biblatex Info: ... file 'numeric.bbx' found.

(C:\Users\there\AppData\Local\Programs\MiKTeX\tex/latex/biblatex/bbx\numeric.bb
x
File: numeric.bbx 2022/07/12 v3.18b biblatex bibliography style (PK/MW)
Package biblatex Info: Trying to load bibliography style 'standard'...
Package biblatex Info: ... file 'standard.bbx' found.

(C:\Users\there\AppData\Local\Programs\MiKTeX\tex/latex/biblatex/bbx\standard.b
bx
File: standard.bbx 2022/07/12 v3.18b biblatex bibliography style (PK/MW)
\c@bbx:relatedcount=\count439
\c@bbx:relatedtotal=\count440
))
Package biblatex Info: Trying to load citation style 'numeric'...
Package biblatex Info: ... file 'numeric.cbx' found.

(C:\Users\there\AppData\Local\Programs\MiKTeX\tex/latex/biblatex/cbx\numeric.cb
x
File: numeric.cbx 2022/07/12 v3.18b biblatex citation style (PK/MW)
Package biblatex Info: Redefining '\cite'.
Package biblatex Info: Redefining '\parencite'.
Package biblatex Info: Redefining '\footcite'.
Package biblatex Info: Redefining '\footcitetext'.
Package biblatex Info: Redefining '\smartcite'.
Package biblatex Info: Redefining '\supercite'.
Package biblatex Info: Redefining '\textcite'.
Package biblatex Info: Redefining '\textcites'.
Package biblatex Info: Redefining '\cites'.
Package biblatex Info: Redefining '\parencites'.
Package biblatex Info: Redefining '\smartcites'.
)
Package biblatex Info: Trying to load configuration file...
Package biblatex Info: ... file 'biblatex.cfg' found.
(C:\Users\there\AppData\Local\Programs\MiKTeX\tex/latex/biblatex\biblatex.cfg
File: biblatex.cfg 
)
Package biblatex Info: XeTeX detected.
(biblatex)             Assuming input encoding 'utf8'.
Package biblatex Info: Document encoding is UTF8 ....
(C:\Users\there\AppData\Local\Programs\MiKTeX\tex/latex/l3kernel\expl3.sty
Package: expl3 2023-02-02 L3 programming layer (loader) 

(C:\Users\there\AppData\Local\Programs\MiKTeX\tex/latex/l3backend\l3backend-xet
ex.def
File: l3backend-xetex.def 2023-01-16 L3 backend support: XeTeX
\g__graphics_track_int=\count441
\l__pdf_internal_box=\box74
\g__pdf_backend_object_int=\count442
\g__pdf_backend_annotation_int=\count443
\g__pdf_backend_link_int=\count444
))
Package biblatex Info: ... and expl3
(biblatex)             2023-02-02 L3 programming layer (loader) 
(biblatex)             is new enough (at least 2020/04/06),
(biblatex)             setting 'casechanger=expl3'.

(C:\Users\there\AppData\Local\Programs\MiKTeX\tex/latex/biblatex\blx-case-expl3
.sty
(C:\Users\there\AppData\Local\Programs\MiKTeX\tex/latex/l3packages/xparse\xpars
e.sty
Package: xparse 2023-01-16 L3 Experimental document command parser
)
Package: blx-case-expl3 2022/07/12 v3.18b expl3 case changing code for biblatex

)) (C:\Users\there\AppData\Local\Programs\MiKTeX\tex/latex/geometry\geometry.st
y
Package: geometry 2020/01/02 v5.9 Page Geometry
(C:\Users\there\AppData\Local\Programs\MiKTeX\tex/generic/iftex\ifvtex.sty
Package: ifvtex 2019/10/25 v1.7 ifvtex legacy package. Use iftex instead.
)
\Gm@cnth=\count445
\Gm@cntv=\count446
\c@Gm@tempcnt=\count447
\Gm@bindingoffset=\dimen277
\Gm@wd@mp=\dimen278
\Gm@odd@mp=\dimen279
\Gm@even@mp=\dimen280
\Gm@layoutwidth=\dimen281
\Gm@layoutheight=\dimen282
\Gm@layouthoffset=\dimen283
\Gm@layoutvoffset=\dimen284
\Gm@dimlist=\toks39
(C:\Users\there\AppData\Local\Programs\MiKTeX\tex/latex/geometry\geometry.cfg))
(C:\Users\there\AppData\Local\Programs\MiKTeX\tex/latex/fancyhdr\fancyhdr.sty
Package: fancyhdr 2022/11/09 v4.1 Extensive control of page headers and footers

\f@nch@headwidth=\skip83
\f@nch@O@elh=\skip84
\f@nch@O@erh=\skip85
\f@nch@O@olh=\skip86
\f@nch@O@orh=\skip87
\f@nch@O@elf=\skip88
\f@nch@O@erf=\skip89
\f@nch@O@olf=\skip90
\f@nch@O@orf=\skip91
)
(C:\Users\there\AppData\Local\Programs\MiKTeX\tex/xelatex/mathspec\mathspec.sty
Package: mathspec 2016/12/22 v0.2b LaTeX Package (Mathematics font selection fo
r XeLaTeX)
(C:\Users\there\AppData\Local\Programs\MiKTeX\tex/latex/fontspec\fontspec.sty
Package: fontspec 2022/01/15 v2.8a Font selection for XeLaTeX and LuaLaTeX

(C:\Users\there\AppData\Local\Programs\MiKTeX\tex/latex/fontspec\fontspec-xetex
.sty
Package: fontspec-xetex 2022/01/15 v2.8a Font selection for XeLaTeX and LuaLaTe
X
\l__fontspec_script_int=\count448
\l__fontspec_language_int=\count449
\l__fontspec_strnum_int=\count450
\l__fontspec_tmp_int=\count451
\l__fontspec_tmpa_int=\count452
\l__fontspec_tmpb_int=\count453
\l__fontspec_tmpc_int=\count454
\l__fontspec_em_int=\count455
\l__fontspec_emdef_int=\count456
\l__fontspec_strong_int=\count457
\l__fontspec_strongdef_int=\count458
\l__fontspec_tmpa_dim=\dimen285
\l__fontspec_tmpb_dim=\dimen286
\l__fontspec_tmpc_dim=\dimen287
(C:\Users\there\AppData\Local\Programs\MiKTeX\tex/latex/base\fontenc.sty
Package: fontenc 2021/04/29 v2.0v Standard LaTeX package
) (C:\Users\there\AppData\Local\Programs\MiKTeX\tex/latex/fontspec\fontspec.cfg
))) (C:\Users\there\AppData\Local\Programs\MiKTeX\tex/latex/xkeyval\xkeyval.sty
Package: xkeyval 2022/06/16 v2.9 package option processing (HA)
(C:\Users\there\AppData\Local\Programs\MiKTeX\tex/generic/xkeyval\xkeyval.tex (
C:\Users\there\AppData\Local\Programs\MiKTeX\tex/generic/xkeyval\xkvutils.tex
\XKV@toks=\toks40
\XKV@tempa@toks=\toks41
)
\XKV@depth=\count459
File: xkeyval.tex 2014/12/03 v2.7a key=value parser (HA)
))
\c@eu@=\count460
\c@eu@i=\count461
\c@mkern=\count462
) (C:\Users\there\AppData\Local\Programs\MiKTeX\tex/latex/upquote\upquote.sty
Package: upquote 2012/04/19 v1.3 upright-quote and grave-accent glyphs in verba
tim
(C:\Users\there\AppData\Local\Programs\MiKTeX\tex/latex/base\textcomp.sty
Package: textcomp 2020/02/02 v2.0n Standard LaTeX package
))
(C:\Users\there\AppData\Local\Programs\MiKTeX\tex/latex/microtype\microtype.sty
Package: microtype 2022/06/23 v3.0f Micro-typographical refinements (RS)
\MT@toks=\toks42
\MT@tempbox=\box75
\MT@count=\count463
LaTeX Info: Redefining \noprotrusionifhmode on input line 1045.
LaTeX Info: Redefining \leftprotrusion on input line 1046.
LaTeX Info: Redefining \rightprotrusion on input line 1056.
LaTeX Info: Redefining \textls on input line 1234.
\MT@outer@kern=\dimen288
LaTeX Info: Redefining \textmicrotypecontext on input line 1858.
\MT@listname@count=\count464

(C:\Users\there\AppData\Local\Programs\MiKTeX\tex/latex/microtype\microtype-xet
ex.def
File: microtype-xetex.def 2022/06/23 v3.0f Definitions specific to xetex (RS)
LaTeX Info: Redefining \lsstyle on input line 236.
)
Package microtype Info: Loading configuration file microtype.cfg.

(C:\Users\there\AppData\Local\Programs\MiKTeX\tex/latex/microtype\microtype.cfg
File: microtype.cfg 2022/06/23 v3.0f microtype main configuration file (RS)
))
Package hyperref Info: Option `unicode' set `true' on input line 151.
Package hyperref Info: Option `breaklinks' set `true' on input line 151.
(C:\Users\there\AppData\Local\Programs\MiKTeX\tex/latex/grffile\grffile.sty
Package: grffile 2019/11/11 v2.1 Extended file name support for graphics (legac
y)
Package grffile Info: This package is an empty stub for compatibility on input 
line 40.
) (C:\Users\there\AppData\Local\Programs\MiKTeX\tex/latex/parskip\parskip.sty
Package: parskip 2021-03-14 v2.0h non-zero parskip adjustments
) (C:\Users\there\AppData\Local\Programs\MiKTeX\tex/latex/fancyvrb\fancyvrb.sty
Package: fancyvrb 2023/01/19 4.5a verbatim text (tvz,hv)
\FV@CodeLineNo=\count465
\FV@InFile=\read5
\FV@TabBox=\box76
\c@FancyVerbLine=\count466
\FV@StepNumber=\count467
\FV@OutFile=\write5
) (C:\Users\there\AppData\Local\Programs\MiKTeX\tex/latex/framed\framed.sty
Package: framed 2011/10/22 v 0.96: framed or shaded text with page breaks
\OuterFrameSep=\skip92
\fb@frw=\dimen289
\fb@frh=\dimen290
\FrameRule=\dimen291
\FrameSep=\dimen292
)
\cslhangindent=\skip93
\csllabelwidth=\skip94
\cslentryspacingunit=\skip95
(C:\Users\there\AppData\Local\Programs\MiKTeX\tex/latex/multirow\multirow.sty
Package: multirow 2021/03/15 v2.8 Span multiple rows of a table
\multirow@colwidth=\skip96
\multirow@cntb=\count468
\multirow@dima=\skip97
\bigstrutjot=\dimen293
) (C:\Users\there\AppData\Local\Programs\MiKTeX\tex/latex/tools\multicol.sty
Package: multicol 2021/11/30 v1.9d multicolumn formatting (FMi)
\c@tracingmulticols=\count469
\mult@box=\box77
\multicol@leftmargin=\dimen294
\c@unbalance=\count470
\c@collectmore=\count471
\doublecol@number=\count472
\multicoltolerance=\count473
\multicolpretolerance=\count474
\full@width=\dimen295
\page@free=\dimen296
\premulticols=\dimen297
\postmulticols=\dimen298
\multicolsep=\skip98
\multicolbaselineskip=\skip99
\partial@page=\box78
\last@line=\box79
\maxbalancingoverflow=\dimen299
\mult@rightbox=\box80
\mult@grightbox=\box81
\mult@firstbox=\box82
\mult@gfirstbox=\box83
\@tempa=\box84
\@tempa=\box85
\@tempa=\box86
\@tempa=\box87
\@tempa=\box88
\@tempa=\box89
\@tempa=\box90
\@tempa=\box91
\@tempa=\box92
\@tempa=\box93
\@tempa=\box94
\@tempa=\box95
\@tempa=\box96
\@tempa=\box97
\@tempa=\box98
\@tempa=\box99
\@tempa=\box100
\@tempa=\box101
\@tempa=\box102
\@tempa=\box103
\@tempa=\box104
\@tempa=\box105
\@tempa=\box106
\@tempa=\box107
\@tempa=\box108
\@tempa=\box109
\@tempa=\box110
\@tempa=\box111
\@tempa=\box112
\@tempa=\box113
\@tempa=\box114
\@tempa=\box115
\@tempa=\box116
\@tempa=\box117
\@tempa=\box118
\@tempa=\box119
\c@minrows=\count475
\c@columnbadness=\count476
\c@finalcolumnbadness=\count477
\last@try=\dimen300
\multicolovershoot=\dimen301
\multicolundershoot=\dimen302
\mult@nat@firstbox=\box120
\colbreak@box=\box121
\mc@col@check@num=\count478
) (C:\Users\there\AppData\Local\Programs\MiKTeX\tex/latex/colortbl\colortbl.sty
Package: colortbl 2022/06/20 v1.0f Color table columns (DPC)
(C:\Users\there\AppData\Local\Programs\MiKTeX\tex/latex/tools\array.sty
Package: array 2022/03/10 v2.5f Tabular extension package (FMi)
\col@sep=\dimen303
\ar@mcellbox=\box122
\extrarowheight=\dimen304
\NC@list=\toks43
\extratabsurround=\skip100
\backup@length=\skip101
\ar@cellbox=\box123
)
\everycr=\toks44
\minrowclearance=\skip102
\rownum=\count479
) (C:\Users\there\AppData\Local\Programs\MiKTeX\tex/latex/tools\hhline.sty
Package: hhline 2020/01/04 v2.04 Table rule package (DPC)
) (C:\Users\there\AppData\Local\Programs\MiKTeX\tex/latex/tools\longtable.sty
Package: longtable 2021-09-01 v4.17 Multi-page Table package (DPC)
\LTleft=\skip103
\LTright=\skip104
\LTpre=\skip105
\LTpost=\skip106
\LTchunksize=\count480
\LTcapwidth=\dimen305
\LT@head=\box124
\LT@firsthead=\box125
\LT@foot=\box126
\LT@lastfoot=\box127
\LT@gbox=\box128
\LT@cols=\count481
\LT@rows=\count482
\c@LT@tables=\count483
\c@LT@chunks=\count484
\LT@p@ftn=\toks45
) (C:\Users\there\AppData\Local\Programs\MiKTeX\tex/latex/float\float.sty
Package: float 2001/11/08 v1.3d Float enhancements (AL)
\c@float@type=\count485
\float@exts=\toks46
\float@box=\box129
\@float@everytoks=\toks47
\@floatcapt=\box130
) (C:\Users\there\AppData\Local\Programs\MiKTeX\tex/latex/wrapfig\wrapfig.sty
\wrapoverhang=\dimen306
\WF@size=\dimen307
\c@WF@wrappedlines=\count486
\WF@box=\box131
\WF@everypar=\toks48
Package: wrapfig 2003/01/31  v 3.6
)
\@quotelevel=\count487
\@quotereset=\count488
(paper.aux)
\openout1 = `paper.aux'.

LaTeX Font Info:    Checking defaults for OML/cmm/m/it on input line 276.
LaTeX Font Info:    ... okay on input line 276.
LaTeX Font Info:    Checking defaults for OMS/cmsy/m/n on input line 276.
LaTeX Font Info:    ... okay on input line 276.
LaTeX Font Info:    Checking defaults for OT1/cmr/m/n on input line 276.
LaTeX Font Info:    ... okay on input line 276.
LaTeX Font Info:    Checking defaults for T1/cmr/m/n on input line 276.
LaTeX Font Info:    ... okay on input line 276.
LaTeX Font Info:    Checking defaults for TS1/cmr/m/n on input line 276.
LaTeX Font Info:    Trying to load font information for TS1+cmr on input line 2
76.
(C:\Users\there\AppData\Local\Programs\MiKTeX\tex/latex/base\ts1cmr.fd
File: ts1cmr.fd 2022/07/10 v2.5l Standard LaTeX font definitions
)
LaTeX Font Info:    ... okay on input line 276.
LaTeX Font Info:    Checking defaults for TU/lmr/m/n on input line 276.
LaTeX Font Info:    ... okay on input line 276.
LaTeX Font Info:    Checking defaults for OMX/cmex/m/n on input line 276.
LaTeX Font Info:    ... okay on input line 276.
LaTeX Font Info:    Checking defaults for U/cmr/m/n on input line 276.
LaTeX Font Info:    ... okay on input line 276.
LaTeX Font Info:    Checking defaults for PD1/pdf/m/n on input line 276.
LaTeX Font Info:    ... okay on input line 276.
LaTeX Font Info:    Checking defaults for PU/pdf/m/n on input line 276.
LaTeX Font Info:    ... okay on input line 276.
Package hyperref Info: Link coloring ON on input line 276.
(paper.out) (paper.out)
\@outlinefile=\write6
\openout6 = `paper.out'.

Package caption Info: Begin \AtBeginDocument code.
Package caption Info: float package is loaded.
Package caption Info: longtable package is loaded.
(C:\Users\there\AppData\Local\Programs\MiKTeX\tex/latex/caption\ltcaption.sty
Package: ltcaption 2021/01/08 v1.4c longtable captions (AR)
)
Package caption Info: wrapfig package is loaded.
Package caption Info: End \AtBeginDocument code.
Package biblatex Info: Trying to load language 'english'...
Package biblatex Info: ... file 'english.lbx' found.

(C:\Users\there\AppData\Local\Programs\MiKTeX\tex/latex/biblatex/lbx\english.lb
x
File: english.lbx 2022/07/12 v3.18b biblatex localization (PK/MW)
)
Package biblatex Info: XeTeX detected.
(biblatex)             Assuming input encoding 'utf8'.
Package biblatex Info: Automatic encoding selection.
(biblatex)             Assuming data encoding 'utf8'.
\openout4 = `paper.bcf'.

Package biblatex Info: Trying to load bibliographic data...
Package biblatex Info: ... file 'paper.bbl' not found.
No file paper.bbl.
Package biblatex Info: Reference section=0 on input line 276.
Package biblatex Info: Reference segment=0 on input line 276.
*geometry* driver: auto-detecting
*geometry* detected driver: xetex
*geometry* verbose mode - [ preamble ] result:
* driver: xetex
* paper: a4paper
* layout: <same size as paper>
* layoutoffset:(h,v)=(0.0pt,0.0pt)
* modes: includemp 
* h-part:(L,W,R)=(28.45274pt, 526.376pt, 42.67912pt)
* v-part:(T,H,B)=(99.58464pt, 660.10394pt, 85.35826pt)
* \paperwidth=597.50787pt
* \paperheight=845.04684pt
* \textwidth=387.33861pt
* \textheight=660.10394pt
* \oddsidemargin=95.22015pt
* \evensidemargin=95.22015pt
* \topmargin=-60.28131pt
* \headheight=62.59596pt
* \headsep=25.0pt
* \topskip=10.0pt
* \footskip=30.0pt
* \marginparwidth=128.0374pt
* \marginparsep=11.0pt
* \columnsep=10.0pt
* \skip\footins=9.0pt plus 4.0pt minus 2.0pt
* \hoffset=0.0pt
* \voffset=0.0pt
* \mag=1000
* \@twocolumnfalse
* \@twosidefalse
* \@mparswitchfalse
* \@reversemargintrue
* (1in=72.27pt=25.4mm, 1cm=28.453pt)

LaTeX Info: Redefining \microtypecontext on input line 276.
Package microtype Info: Applying patch `item' on input line 276.
Package microtype Info: Applying patch `toc' on input line 276.
Package microtype Info: Applying patch `eqnum' on input line 276.
Package microtype Info: Applying patch `footnote' on input line 276.
Package microtype Info: Character protrusion enabled (level 2).
Package microtype Info: Using protrusion set `basicmath'.
Package microtype Info: No adjustment of tracking.
Package microtype Info: No adjustment of spacing.
Package microtype Info: No adjustment of kerning.

(C:\Users\there\AppData\Local\Programs\MiKTeX\tex/latex/microtype\mt-LatinModer
nRoman.cfg
File: mt-LatinModernRoman.cfg 2021/02/21 v1.1 microtype config. file: Latin Mod
ern Roman (RS)
)
Package microtype Info: Loading generic protrusion settings for font family
(microtype)             `lmss' (encoding: TU).
(microtype)             For optimal results, create family-specific settings.
(microtype)             See the microtype manual for details.
(C:\Users\there\AppData\Local\Programs\MiKTeX\tex/latex/microtype\mt-cmr.cfg
File: mt-cmr.cfg 2013/05/19 v2.2 microtype config. file: Computer Modern Roman 
(RS)
)
LaTeX Font Info:    Trying to load font information for U+msa on input line 277
.
(C:\Users\there\AppData\Local\Programs\MiKTeX\tex/latex/amsfonts\umsa.fd
File: umsa.fd 2013/01/14 v3.01 AMS symbols A
) (C:\Users\there\AppData\Local\Programs\MiKTeX\tex/latex/microtype\mt-msa.cfg
File: mt-msa.cfg 2006/02/04 v1.1 microtype config. file: AMS symbols (a) (RS)
)
LaTeX Font Info:    Trying to load font information for U+msb on input line 277
.
(C:\Users\there\AppData\Local\Programs\MiKTeX\tex/latex/amsfonts\umsb.fd
File: umsb.fd 2013/01/14 v3.01 AMS symbols B
) (C:\Users\there\AppData\Local\Programs\MiKTeX\tex/latex/microtype\mt-msb.cfg
File: mt-msb.cfg 2005/06/01 v1.0 microtype config. file: AMS symbols (b) (RS)
)

Package hyperref Warning: Suppressing link with empty target on input line 303.



Package hyperref Warning: Suppressing link with empty target on input line 303.



Package hyperref Warning: Suppressing link with empty target on input line 303.


File: C:/Users/there/AppData/Local/R/win-library/4.2/rticles/rmarkdown/template
s/joss/resources/JOSS-logo.png Graphic file (type bmp)
<C:/Users/there/AppData/Local/R/win-library/4.2/rticles/rmarkdown/templates/jos
s/resources/JOSS-logo.png>

Package fancyhdr Warning: \headheight is too small (62.59596pt): 
(fancyhdr)                Make it at least 63.55022pt, for example:
(fancyhdr)                \setlength{\headheight}{63.55022pt}.
(fancyhdr)                You might also make \topmargin smaller to compensate:

(fancyhdr)                \addtolength{\topmargin}{-0.95425pt}.

LaTeX Font Info:    Font shape `TU/lmss/m/it' in size <8> not available
(Font)              Font shape `TU/lmss/m/sl' tried instead on input line 372.
[1

]

Package fontspec Info: Times New Roman scale = 0.9636299023440277.


Package fontspec Info: Times New Roman scale = 0.9636299023440277.


Package fontspec Info: Times New Roman scale = 0.9636299023440277.


Package fontspec Info: Times New Roman/B scale = 0.9440481727713549.


Package fontspec Info: Times New Roman/B scale = 0.9440481727713549.


Package fontspec Info: Times New Roman/I scale = 1.001912475428977.


Package fontspec Info: Times New Roman/I scale = 1.001912475428977.


Package fontspec Info: Times New Roman/BI scale = 0.9818519945425632.


Package fontspec Info: Times New Roman/BI scale = 0.9818519945425632.


Package fontspec Info: Font family 'TimesNewRoman(0)' created for font 'Times
(fontspec)             New Roman' with options
(fontspec)             [Ligatures=TeX,Scale=MatchLowercase,Ligatures=TeX].
(fontspec)              
(fontspec)              This font family consists of the following NFSS
(fontspec)             series/shapes:
(fontspec)              
(fontspec)             - 'normal' (m/n) with NFSS spec.:
(fontspec)             <->s*[0.9636299023440277]"Times New
(fontspec)             Roman/OT:script=latn;language=dflt;mapping=tex-text;"
(fontspec)             - 'small caps'  (m/sc) with NFSS spec.:
(fontspec)             <->s*[0.9636299023440277]"Times New
(fontspec)             Roman/OT:script=latn;language=dflt;+smcp;mapping=tex-tex
t;"
(fontspec)             - 'bold' (b/n) with NFSS spec.:
(fontspec)             <->s*[0.9440481727713549]"Times New
(fontspec)             Roman/B/OT:script=latn;language=dflt;mapping=tex-text;"
(fontspec)             - 'bold small caps'  (b/sc) with NFSS spec.:
(fontspec)             <->s*[0.9440481727713549]"Times New
(fontspec)             Roman/B/OT:script=latn;language=dflt;+smcp;mapping=tex-t
ext;"
(fontspec)             - 'italic' (m/it) with NFSS spec.:
(fontspec)             <->s*[1.001912475428977]"Times New
(fontspec)             Roman/I/OT:script=latn;language=dflt;mapping=tex-text;"
(fontspec)             - 'italic small caps'  (m/scit) with NFSS spec.:
(fontspec)             <->s*[1.001912475428977]"Times New
(fontspec)             Roman/I/OT:script=latn;language=dflt;+smcp;mapping=tex-t
ext;"
(fontspec)             - 'bold italic' (b/it) with NFSS spec.:
(fontspec)             <->s*[0.9818519945425632]"Times New
(fontspec)             Roman/BI/OT:script=latn;language=dflt;mapping=tex-text;"

(fontspec)             - 'bold italic small caps'  (b/scit) with NFSS spec.:
(fontspec)             <->s*[0.9818519945425632]"Times New
(fontspec)             Roman/BI/OT:script=latn;language=dflt;+smcp;mapping=tex-
text;"

LaTeX Font Info:    Font shape `TU/TimesNewRoman(0)/m/n' will be
(Font)              scaled to size 11.56348pt on input line 400.

Package fontspec Info: Times New Roman scale = 0.9636299023440277.

LaTeX Font Info:    Font shape `TU/TimesNewRoman(0)/m/it' will be
(Font)              scaled to size 12.02289pt on input line 400.

Package fontspec Info: Times New Roman scale = 0.9636299023440277.


Package fontspec Info: Times New Roman scale = 0.9636299023440277.


Package fontspec Info: Times New Roman scale = 0.9636299023440277.


Package fontspec Info: Times New Roman scale = 0.9636299023440277.


Package fontspec Info: Times New Roman scale = 0.9636299023440277.


Package fontspec Info: Times New Roman scale = 0.9636299023440277.


Package fontspec Info: Times New Roman scale = 0.9636299023440277.


Package fontspec Info: Times New Roman scale = 0.9636299023440277.


Package fontspec Info: Times New Roman scale = 0.9636299023440277.


Package fontspec Info: Times New Roman scale = 0.9636299023440277.


Package fontspec Info: Times New Roman scale = 0.9636299023440277.


Package fontspec Info: Times New Roman scale = 0.9636299023440277.


Package fontspec Info: Times New Roman scale = 0.9636299023440277.


Package fontspec Info: Times New Roman scale = 0.9636299023440277.


Package fontspec Info: Times New Roman scale = 0.9636299023440277.


Package fontspec Info: Times New Roman scale = 0.9636299023440277.


Package fontspec Info: Times New Roman scale = 0.9636299023440277.


Package fontspec Info: Times New Roman scale = 0.9636299023440277.


Package fontspec Info: Times New Roman scale = 0.9636299023440277.


Package fontspec Info: Times New Roman scale = 0.9636299023440277.


Package fontspec Info: Times New Roman scale = 0.9636299023440277.


Package fontspec Info: Times New Roman scale = 0.9636299023440277.


Package fontspec Info: Times New Roman scale = 0.9636299023440277.


Package fontspec Info: Times New Roman scale = 0.9636299023440277.


Package fontspec Info: Times New Roman scale = 0.9636299023440277.


Package fontspec Info: Times New Roman scale = 0.9636299023440277.


Package fontspec Info: Times New Roman scale = 0.9636299023440277.


Package fontspec Info: Times New Roman scale = 0.9636299023440277.


Package fontspec Info: Times New Roman scale = 0.9636299023440277.


Package fontspec Info: Times New Roman scale = 0.9636299023440277.


Package fontspec Info: Times New Roman scale = 0.9636299023440277.


Package fontspec Info: Times New Roman scale = 0.9636299023440277.


Package fontspec Info: Times New Roman scale = 0.9636299023440277.


Package fontspec Info: Times New Roman scale = 0.9636299023440277.

File: paper_files/figure-markdown_strict/broom-1.png Graphic file (type bmp)
<paper_files/figure-markdown_strict/broom-1.png>

Package fontspec Info: Times New Roman scale = 0.9636299023440277.


Package fontspec Info: Times New Roman scale = 0.9636299023440277.


Package fontspec Info: Times New Roman scale = 0.9636299023440277.


Package fontspec Info: Times New Roman scale = 0.9636299023440277.


Package fontspec Info: Times New Roman scale = 0.9636299023440277.


Package fontspec Info: Times New Roman scale = 0.9636299023440277.


Package fontspec Info: Times New Roman scale = 0.9636299023440277.


Package fontspec Info: Times New Roman scale = 0.9636299023440277.


Package fontspec Info: Times New Roman scale = 0.9636299023440277.


Package fontspec Info: Times New Roman scale = 0.9636299023440277.


Package fontspec Info: Times New Roman scale = 0.9636299023440277.


Package fontspec Info: Times New Roman scale = 0.9636299023440277.


Package fontspec Info: Times New Roman scale = 0.9636299023440277.


Package fontspec Info: Times New Roman scale = 0.9636299023440277.


Package fontspec Info: Times New Roman scale = 0.9636299023440277.


Package fontspec Info: Times New Roman scale = 0.9636299023440277.


Package fontspec Info: Times New Roman scale = 0.9636299023440277.


Package fontspec Info: Times New Roman scale = 0.9636299023440277.


Package fontspec Info: Times New Roman scale = 0.9636299023440277.


Package fontspec Info: Times New Roman scale = 0.9636299023440277.


Package fontspec Info: Times New Roman scale = 0.9636299023440277.


Package fontspec Info: Times New Roman scale = 0.9636299023440277.


Package fontspec Info: Times New Roman scale = 0.9636299023440277.


Package fontspec Info: Times New Roman scale = 0.9636299023440277.


Package fontspec Info: Times New Roman scale = 0.9636299023440277.


Package fontspec Info: Times New Roman scale = 0.9636299023440277.


Package fontspec Info: Times New Roman scale = 0.9636299023440277.


Package fontspec Info: Times New Roman scale = 0.9636299023440277.


Package fontspec Info: Times New Roman scale = 0.9636299023440277.


Package fontspec Info: Times New Roman scale = 0.9636299023440277.


Package fontspec Info: Times New Roman scale = 0.9636299023440277.


Package fontspec Info: Times New Roman scale = 0.9636299023440277.


Package fontspec Info: Times New Roman scale = 0.9636299023440277.


Package fontspec Info: Times New Roman scale = 0.9636299023440277.


Package fontspec Info: Times New Roman scale = 0.9636299023440277.


Package fontspec Info: Times New Roman scale = 0.9636299023440277.


Package fontspec Info: Times New Roman scale = 0.9636299023440277.


Package fontspec Info: Times New Roman scale = 0.9636299023440277.


Package fontspec Info: Times New Roman scale = 0.9636299023440277.


Package fontspec Info: Times New Roman scale = 0.9636299023440277.


Package fontspec Info: Times New Roman scale = 0.9636299023440277.


Package fontspec Info: Times New Roman scale = 0.9636299023440277.


Package fontspec Info: Times New Roman scale = 0.9636299023440277.


Package fontspec Info: Times New Roman scale = 0.9636299023440277.


Package fontspec Info: Times New Roman scale = 0.9636299023440277.


Package fontspec Info: Times New Roman scale = 0.9636299023440277.


Package fontspec Info: Times New Roman scale = 0.9636299023440277.


Package fontspec Info: Times New Roman scale = 0.9636299023440277.


Package fontspec Info: Times New Roman scale = 0.9636299023440277.


Package fontspec Info: Times New Roman scale = 0.9636299023440277.


Package fontspec Info: Times New Roman scale = 0.9636299023440277.


Package fontspec Info: Times New Roman scale = 0.9636299023440277.


Package fontspec Info: Times New Roman scale = 0.9636299023440277.


Package fontspec Info: Times New Roman scale = 0.9636299023440277.


Package fontspec Info: Times New Roman scale = 0.9636299023440277.


Package fontspec Info: Times New Roman scale = 0.9636299023440277.


Package fontspec Info: Times New Roman scale = 0.9636299023440277.


Package fontspec Info: Times New Roman scale = 0.9636299023440277.


Package fontspec Info: Times New Roman scale = 0.9636299023440277.


Package fontspec Info: Times New Roman scale = 0.9636299023440277.


Package fontspec Info: Times New Roman scale = 0.9636299023440277.


Package fontspec Info: Times New Roman scale = 0.9636299023440277.


Package fontspec Info: Times New Roman scale = 0.9636299023440277.


Package fontspec Info: Times New Roman scale = 0.9636299023440277.


Package fontspec Info: Times New Roman scale = 0.9636299023440277.


Package fontspec Info: Times New Roman scale = 0.9636299023440277.


Package fontspec Info: Times New Roman scale = 0.9636299023440277.


Package fontspec Info: Times New Roman scale = 0.9636299023440277.


Package fontspec Info: Times New Roman scale = 0.9636299023440277.


Package fontspec Info: Times New Roman scale = 0.9636299023440277.


Package fontspec Info: Times New Roman scale = 0.9636299023440277.


Package fontspec Info: Times New Roman scale = 0.9636299023440277.


Package fontspec Info: Times New Roman scale = 0.9636299023440277.


Package fontspec Info: Times New Roman scale = 0.9636299023440277.


Package fontspec Info: Times New Roman scale = 0.9636299023440277.


Package fontspec Info: Times New Roman scale = 0.9636299023440277.


Package fontspec Info: Times New Roman scale = 0.9636299023440277.


Package fontspec Info: Times New Roman scale = 0.9636299023440277.


Package fontspec Info: Times New Roman scale = 0.9636299023440277.


Package fontspec Info: Times New Roman scale = 0.9636299023440277.


Package fontspec Info: Times New Roman scale = 0.9636299023440277.


Package fontspec Info: Times New Roman scale = 0.9636299023440277.


Package fontspec Info: Times New Roman scale = 0.9636299023440277.


Package fontspec Info: Times New Roman scale = 0.9636299023440277.


Package fontspec Info: Times New Roman scale = 0.9636299023440277.


Package fontspec Info: Times New Roman scale = 0.9636299023440277.


Package fontspec Info: Times New Roman scale = 0.9636299023440277.


Package fontspec Info: Times New Roman scale = 0.9636299023440277.


Package fontspec Info: Times New Roman scale = 0.9636299023440277.


Package fontspec Info: Times New Roman scale = 0.9636299023440277.


Package fontspec Info: Times New Roman scale = 0.9636299023440277.


Package fontspec Info: Times New Roman scale = 0.9636299023440277.


Package fontspec Info: Times New Roman scale = 0.9636299023440277.


Package fontspec Info: Times New Roman scale = 0.9636299023440277.


Package fontspec Info: Times New Roman scale = 0.9636299023440277.


Package fontspec Info: Times New Roman scale = 0.9636299023440277.


Package fontspec Info: Times New Roman scale = 0.9636299023440277.


Package fontspec Info: Times New Roman scale = 0.9636299023440277.


Package fontspec Info: Times New Roman scale = 0.9636299023440277.


Package fontspec Info: Times New Roman scale = 0.9636299023440277.


Package fontspec Info: Times New Roman scale = 0.9636299023440277.


Package fontspec Info: Times New Roman scale = 0.9636299023440277.


Package fontspec Info: Times New Roman scale = 0.9636299023440277.


Package fontspec Info: Times New Roman scale = 0.9636299023440277.


Package fontspec Info: Times New Roman scale = 0.9636299023440277.


Package fontspec Info: Times New Roman scale = 0.9636299023440277.


Package fontspec Info: Times New Roman scale = 0.9636299023440277.


Package fontspec Info: Times New Roman scale = 0.9636299023440277.


Package fontspec Info: Times New Roman scale = 0.9636299023440277.


Package fontspec Info: Times New Roman scale = 0.9636299023440277.


Package fontspec Info: Times New Roman scale = 0.9636299023440277.


Package fontspec Info: Times New Roman scale = 0.9636299023440277.


Package fontspec Info: Times New Roman scale = 0.9636299023440277.


Package fontspec Info: Times New Roman scale = 0.9636299023440277.


Package fontspec Info: Times New Roman scale = 0.9636299023440277.


Package fontspec Info: Times New Roman scale = 0.9636299023440277.


Package fontspec Info: Times New Roman scale = 0.9636299023440277.


Package fontspec Info: Times New Roman scale = 0.9636299023440277.


Package fontspec Info: Times New Roman scale = 0.9636299023440277.


Package fontspec Info: Times New Roman scale = 0.9636299023440277.


Package fontspec Info: Times New Roman scale = 0.9636299023440277.

File: C:/Users/there/AppData/Local/R/win-library/4.2/rticles/rmarkdown/template
s/joss/resources/JOSS-logo.png Graphic file (type bmp)
<C:/Users/there/AppData/Local/R/win-library/4.2/rticles/rmarkdown/templates/jos
s/resources/JOSS-logo.png>

Package fancyhdr Warning: \headheight is too small (62.59596pt): 
(fancyhdr)                Make it at least 63.55022pt, for example:
(fancyhdr)                \setlength{\headheight}{63.55022pt}.
(fancyhdr)                You might also make \topmargin smaller to compensate:

(fancyhdr)                \addtolength{\topmargin}{-0.95425pt}.

[2]
File: paper_files/figure-markdown_strict/report-1.png Graphic file (type bmp)
<paper_files/figure-markdown_strict/report-1.png>

Package fontspec Info: Times New Roman scale = 0.9636299023440277.

LaTeX Font Info:    Font shape `TU/TimesNewRoman(0)/b/n' will be
(Font)              scaled to size 11.32855pt on input line 582.

Package fontspec Info: Times New Roman scale = 0.9636299023440277.


Package fontspec Info: Times New Roman scale = 0.9636299023440277.


Package fontspec Info: Times New Roman scale = 0.9636299023440277.


Package fontspec Info: Times New Roman scale = 0.9636299023440277.


Package fontspec Info: Times New Roman scale = 0.9636299023440277.


Package fontspec Info: Times New Roman scale = 0.9636299023440277.


Package fontspec Info: Times New Roman scale = 0.9636299023440277.


Package fontspec Info: Times New Roman scale = 0.9636299023440277.


Package fontspec Info: Times New Roman scale = 0.9636299023440277.


Package fontspec Info: Times New Roman scale = 0.9636299023440277.


Package fontspec Info: Times New Roman scale = 0.9636299023440277.


Package fontspec Info: Times New Roman scale = 0.9636299023440277.


Package fontspec Info: Times New Roman scale = 0.9636299023440277.


Package fontspec Info: Times New Roman scale = 0.9636299023440277.


Package fontspec Info: Times New Roman scale = 0.9636299023440277.


Package fontspec Info: Times New Roman scale = 0.9636299023440277.


Package fontspec Info: Times New Roman scale = 0.9636299023440277.


Package fontspec Info: Times New Roman scale = 0.9636299023440277.


Package fontspec Info: Times New Roman scale = 0.9636299023440277.


Package fontspec Info: Times New Roman scale = 0.9636299023440277.


Package fontspec Info: Times New Roman scale = 0.9636299023440277.


Package fontspec Info: Times New Roman scale = 0.9636299023440277.


Package fontspec Info: Times New Roman scale = 0.9636299023440277.


Package fontspec Info: Times New Roman scale = 0.9636299023440277.


Package fontspec Info: Times New Roman scale = 0.9636299023440277.


Package fontspec Info: Times New Roman scale = 0.9636299023440277.


Package fontspec Info: Times New Roman scale = 0.9636299023440277.


Package fontspec Info: Times New Roman scale = 0.9636299023440277.


Package fontspec Info: Times New Roman scale = 0.9636299023440277.


Package fontspec Info: Times New Roman scale = 0.9636299023440277.


Package fontspec Info: Times New Roman scale = 0.9636299023440277.


Package fontspec Info: Times New Roman scale = 0.9636299023440277.


Package fontspec Info: Times New Roman scale = 0.9636299023440277.


Package fontspec Info: Times New Roman scale = 0.9636299023440277.


Package fontspec Info: Times New Roman scale = 0.9636299023440277.


Package fontspec Info: Times New Roman scale = 0.9636299023440277.


Package fontspec Info: Times New Roman scale = 0.9636299023440277.


Package fontspec Info: Times New Roman scale = 0.9636299023440277.


Package fontspec Info: Times New Roman scale = 0.9636299023440277.


Package fontspec Info: Times New Roman scale = 0.9636299023440277.


Package fontspec Info: Times New Roman scale = 0.9636299023440277.


Package fontspec Info: Times New Roman scale = 0.9636299023440277.


Package fontspec Info: Times New Roman scale = 0.9636299023440277.


Package fontspec Info: Times New Roman scale = 0.9636299023440277.


Package fontspec Info: Times New Roman scale = 0.9636299023440277.


Package fontspec Info: Times New Roman scale = 0.9636299023440277.


Package fontspec Info: Times New Roman scale = 0.9636299023440277.


Package fontspec Info: Times New Roman scale = 0.9636299023440277.

File: C:/Users/there/AppData/Local/R/win-library/4.2/rticles/rmarkdown/template
s/joss/resources/JOSS-logo.png Graphic file (type bmp)
<C:/Users/there/AppData/Local/R/win-library/4.2/rticles/rmarkdown/templates/jos
s/resources/JOSS-logo.png>

Package fancyhdr Warning: \headheight is too small (62.59596pt): 
(fancyhdr)                Make it at least 63.55022pt, for example:
(fancyhdr)                \setlength{\headheight}{63.55022pt}.
(fancyhdr)                You might also make \topmargin smaller to compensate:

(fancyhdr)                \addtolength{\topmargin}{-0.95425pt}.

[3]
File: paper_files/figure-markdown_strict/highlight-1.png Graphic file (type bmp
)
<paper_files/figure-markdown_strict/highlight-1.png>
File: C:/Users/there/AppData/Local/R/win-library/4.2/rticles/rmarkdown/template
s/joss/resources/JOSS-logo.png Graphic file (type bmp)
<C:/Users/there/AppData/Local/R/win-library/4.2/rticles/rmarkdown/templates/jos
s/resources/JOSS-logo.png>

Package fancyhdr Warning: \headheight is too small (62.59596pt): 
(fancyhdr)                Make it at least 63.55022pt, for example:
(fancyhdr)                \setlength{\headheight}{63.55022pt}.
(fancyhdr)                You might also make \topmargin smaller to compensate:

(fancyhdr)                \addtolength{\topmargin}{-0.95425pt}.

[4]
LaTeX Font Info:    Font shape `TU/lmss/bx/it' in size <10> not available
(Font)              Font shape `TU/lmss/bx/sl' tried instead on input line 671.


Package fontspec Info: Times New Roman scale = 0.9636299023440277.


Package fontspec Info: Times New Roman scale = 0.9636299023440277.


Package fontspec Info: Times New Roman scale = 0.9636299023440277.


Package fontspec Info: Times New Roman scale = 0.9636299023440277.


Package fontspec Info: Times New Roman scale = 0.9636299023440277.


Package fontspec Info: Times New Roman scale = 0.9636299023440277.


Package fontspec Info: Times New Roman scale = 0.9636299023440277.


Package fontspec Info: Times New Roman scale = 0.9636299023440277.


Package fontspec Info: Times New Roman scale = 0.9636299023440277.


Package fontspec Info: Times New Roman scale = 0.9636299023440277.


Package fontspec Info: Times New Roman scale = 0.9636299023440277.


Package fontspec Info: Times New Roman scale = 0.9636299023440277.


Package fontspec Info: Times New Roman scale = 0.9636299023440277.


Package fontspec Info: Times New Roman scale = 0.9636299023440277.


Package fontspec Info: Times New Roman scale = 0.9636299023440277.


Package fontspec Info: Times New Roman scale = 0.9636299023440277.


Package fontspec Info: Times New Roman scale = 0.9636299023440277.


Package fontspec Info: Times New Roman scale = 0.9636299023440277.


Package fontspec Info: Times New Roman scale = 0.9636299023440277.


Package fontspec Info: Times New Roman scale = 0.9636299023440277.


Package fontspec Info: Times New Roman scale = 0.9636299023440277.


Package fontspec Info: Times New Roman scale = 0.9636299023440277.


Package fontspec Info: Times New Roman scale = 0.9636299023440277.


Package fontspec Info: Times New Roman scale = 0.9636299023440277.

File: paper_files/figure-markdown_strict/nice_t_test-1.png Graphic file (type b
mp)
<paper_files/figure-markdown_strict/nice_t_test-1.png>

Package fontspec Info: Times New Roman scale = 0.9636299023440277.


Package fontspec Info: Times New Roman scale = 0.9636299023440277.


Package fontspec Info: Times New Roman scale = 0.9636299023440277.


Package fontspec Info: Times New Roman scale = 0.9636299023440277.


Package fontspec Info: Times New Roman scale = 0.9636299023440277.


Package fontspec Info: Times New Roman scale = 0.9636299023440277.


Package fontspec Info: Times New Roman scale = 0.9636299023440277.


Package fontspec Info: Times New Roman scale = 0.9636299023440277.


Package fontspec Info: Times New Roman scale = 0.9636299023440277.


Package fontspec Info: Times New Roman scale = 0.9636299023440277.


Package fontspec Info: Times New Roman scale = 0.9636299023440277.


Package fontspec Info: Times New Roman scale = 0.9636299023440277.


Package fontspec Info: Times New Roman scale = 0.9636299023440277.


Package fontspec Info: Times New Roman scale = 0.9636299023440277.


Package fontspec Info: Times New Roman scale = 0.9636299023440277.


Package fontspec Info: Times New Roman scale = 0.9636299023440277.


Package fontspec Info: Times New Roman scale = 0.9636299023440277.


Package fontspec Info: Times New Roman scale = 0.9636299023440277.


Package fontspec Info: Times New Roman scale = 0.9636299023440277.


Package fontspec Info: Times New Roman scale = 0.9636299023440277.


Package fontspec Info: Times New Roman scale = 0.9636299023440277.


Package fontspec Info: Times New Roman scale = 0.9636299023440277.


Package fontspec Info: Times New Roman scale = 0.9636299023440277.


Package fontspec Info: Times New Roman scale = 0.9636299023440277.


Package fontspec Info: Times New Roman scale = 0.9636299023440277.


Package fontspec Info: Times New Roman scale = 0.9636299023440277.


Package fontspec Info: Times New Roman scale = 0.9636299023440277.


Package fontspec Info: Times New Roman scale = 0.9636299023440277.


Package fontspec Info: Times New Roman scale = 0.9636299023440277.


Package fontspec Info: Times New Roman scale = 0.9636299023440277.


Package fontspec Info: Times New Roman scale = 0.9636299023440277.


Package fontspec Info: Times New Roman scale = 0.9636299023440277.


Package fontspec Info: Times New Roman scale = 0.9636299023440277.


Package fontspec Info: Times New Roman scale = 0.9636299023440277.


Package fontspec Info: Times New Roman scale = 0.9636299023440277.


Package fontspec Info: Times New Roman scale = 0.9636299023440277.


Package fontspec Info: Times New Roman scale = 0.9636299023440277.


Package fontspec Info: Times New Roman scale = 0.9636299023440277.


Package fontspec Info: Times New Roman scale = 0.9636299023440277.


Package fontspec Info: Times New Roman scale = 0.9636299023440277.


Package fontspec Info: Times New Roman scale = 0.9636299023440277.


Package fontspec Info: Times New Roman scale = 0.9636299023440277.


Package fontspec Info: Times New Roman scale = 0.9636299023440277.


Package fontspec Info: Times New Roman scale = 0.9636299023440277.


Package fontspec Info: Times New Roman scale = 0.9636299023440277.

File: paper_files/figure-markdown_strict/nice_contrasts-1.png Graphic file (typ
e bmp)
<paper_files/figure-markdown_strict/nice_contrasts-1.png>
File: C:/Users/there/AppData/Local/R/win-library/4.2/rticles/rmarkdown/template
s/joss/resources/JOSS-logo.png Graphic file (type bmp)
<C:/Users/there/AppData/Local/R/win-library/4.2/rticles/rmarkdown/templates/jos
s/resources/JOSS-logo.png>

Package fancyhdr Warning: \headheight is too small (62.59596pt): 
(fancyhdr)                Make it at least 63.55022pt, for example:
(fancyhdr)                \setlength{\headheight}{63.55022pt}.
(fancyhdr)                You might also make \topmargin smaller to compensate:

(fancyhdr)                \addtolength{\topmargin}{-0.95425pt}.

[5]

Package fontspec Info: Times New Roman scale = 0.9636299023440277.


Package fontspec Info: Times New Roman scale = 0.9636299023440277.


Package fontspec Info: Times New Roman scale = 0.9636299023440277.


Package fontspec Info: Times New Roman scale = 0.9636299023440277.


Package fontspec Info: Times New Roman scale = 0.9636299023440277.


Package fontspec Info: Times New Roman scale = 0.9636299023440277.


Package fontspec Info: Times New Roman scale = 0.9636299023440277.


Package fontspec Info: Times New Roman scale = 0.9636299023440277.


Package fontspec Info: Times New Roman scale = 0.9636299023440277.


Package fontspec Info: Times New Roman scale = 0.9636299023440277.


Package fontspec Info: Times New Roman scale = 0.9636299023440277.


Package fontspec Info: Times New Roman scale = 0.9636299023440277.


Package fontspec Info: Times New Roman scale = 0.9636299023440277.


Package fontspec Info: Times New Roman scale = 0.9636299023440277.


Package fontspec Info: Times New Roman scale = 0.9636299023440277.


Package fontspec Info: Times New Roman scale = 0.9636299023440277.


Package fontspec Info: Times New Roman scale = 0.9636299023440277.


Package fontspec Info: Times New Roman scale = 0.9636299023440277.


Package fontspec Info: Times New Roman scale = 0.9636299023440277.


Package fontspec Info: Times New Roman scale = 0.9636299023440277.


Package fontspec Info: Times New Roman scale = 0.9636299023440277.


Package fontspec Info: Times New Roman scale = 0.9636299023440277.


Package fontspec Info: Times New Roman scale = 0.9636299023440277.


Package fontspec Info: Times New Roman scale = 0.9636299023440277.


Package fontspec Info: Times New Roman scale = 0.9636299023440277.


Package fontspec Info: Times New Roman scale = 0.9636299023440277.


Package fontspec Info: Times New Roman scale = 0.9636299023440277.


Package fontspec Info: Times New Roman scale = 0.9636299023440277.


Package fontspec Info: Times New Roman scale = 0.9636299023440277.


Package fontspec Info: Times New Roman scale = 0.9636299023440277.


Package fontspec Info: Times New Roman scale = 0.9636299023440277.


Package fontspec Info: Times New Roman scale = 0.9636299023440277.


Package fontspec Info: Times New Roman scale = 0.9636299023440277.


Package fontspec Info: Times New Roman scale = 0.9636299023440277.


Package fontspec Info: Times New Roman scale = 0.9636299023440277.


Package fontspec Info: Times New Roman scale = 0.9636299023440277.


Package fontspec Info: Times New Roman scale = 0.9636299023440277.


Package fontspec Info: Times New Roman scale = 0.9636299023440277.


Package fontspec Info: Times New Roman scale = 0.9636299023440277.


Package fontspec Info: Times New Roman scale = 0.9636299023440277.


Package fontspec Info: Times New Roman scale = 0.9636299023440277.


Package fontspec Info: Times New Roman scale = 0.9636299023440277.


Package fontspec Info: Times New Roman scale = 0.9636299023440277.


Package fontspec Info: Times New Roman scale = 0.9636299023440277.


Package fontspec Info: Times New Roman scale = 0.9636299023440277.


Package fontspec Info: Times New Roman scale = 0.9636299023440277.


Package fontspec Info: Times New Roman scale = 0.9636299023440277.


Package fontspec Info: Times New Roman scale = 0.9636299023440277.


Package fontspec Info: Times New Roman scale = 0.9636299023440277.


Package fontspec Info: Times New Roman scale = 0.9636299023440277.


Package fontspec Info: Times New Roman scale = 0.9636299023440277.


Package fontspec Info: Times New Roman scale = 0.9636299023440277.


Package fontspec Info: Times New Roman scale = 0.9636299023440277.


Package fontspec Info: Times New Roman scale = 0.9636299023440277.


Package fontspec Info: Times New Roman scale = 0.9636299023440277.


Package fontspec Info: Times New Roman scale = 0.9636299023440277.


Package fontspec Info: Times New Roman scale = 0.9636299023440277.


Package fontspec Info: Times New Roman scale = 0.9636299023440277.


Package fontspec Info: Times New Roman scale = 0.9636299023440277.


Package fontspec Info: Times New Roman scale = 0.9636299023440277.


Package fontspec Info: Times New Roman scale = 0.9636299023440277.


Package fontspec Info: Times New Roman scale = 0.9636299023440277.


Package fontspec Info: Times New Roman scale = 0.9636299023440277.


Package fontspec Info: Times New Roman scale = 0.9636299023440277.


Package fontspec Info: Times New Roman scale = 0.9636299023440277.


Package fontspec Info: Times New Roman scale = 0.9636299023440277.


Package fontspec Info: Times New Roman scale = 0.9636299023440277.

File: paper_files/figure-markdown_strict/nice_lm-1.png Graphic file (type bmp)
<paper_files/figure-markdown_strict/nice_lm-1.png>
File: C:/Users/there/AppData/Local/R/win-library/4.2/rticles/rmarkdown/template
s/joss/resources/JOSS-logo.png Graphic file (type bmp)
<C:/Users/there/AppData/Local/R/win-library/4.2/rticles/rmarkdown/templates/jos
s/resources/JOSS-logo.png>

Package fancyhdr Warning: \headheight is too small (62.59596pt): 
(fancyhdr)                Make it at least 63.55022pt, for example:
(fancyhdr)                \setlength{\headheight}{63.55022pt}.
(fancyhdr)                You might also make \topmargin smaller to compensate:

(fancyhdr)                \addtolength{\topmargin}{-0.95425pt}.

[6]

Package fontspec Info: Times New Roman scale = 0.9636299023440277.


Package fontspec Info: Times New Roman scale = 0.9636299023440277.


Package fontspec Info: Times New Roman scale = 0.9636299023440277.


Package fontspec Info: Times New Roman scale = 0.9636299023440277.


Package fontspec Info: Times New Roman scale = 0.9636299023440277.


Package fontspec Info: Times New Roman scale = 0.9636299023440277.


Package fontspec Info: Times New Roman scale = 0.9636299023440277.


Package fontspec Info: Times New Roman scale = 0.9636299023440277.


Package fontspec Info: Times New Roman scale = 0.9636299023440277.


Package fontspec Info: Times New Roman scale = 0.9636299023440277.


Package fontspec Info: Times New Roman scale = 0.9636299023440277.


Package fontspec Info: Times New Roman scale = 0.9636299023440277.


Package fontspec Info: Times New Roman scale = 0.9636299023440277.


Package fontspec Info: Times New Roman scale = 0.9636299023440277.


Package fontspec Info: Times New Roman scale = 0.9636299023440277.


Package fontspec Info: Times New Roman scale = 0.9636299023440277.


Package fontspec Info: Times New Roman scale = 0.9636299023440277.


Package fontspec Info: Times New Roman scale = 0.9636299023440277.


Package fontspec Info: Times New Roman scale = 0.9636299023440277.


Package fontspec Info: Times New Roman scale = 0.9636299023440277.


Package fontspec Info: Times New Roman scale = 0.9636299023440277.


Package fontspec Info: Times New Roman scale = 0.9636299023440277.


Package fontspec Info: Times New Roman scale = 0.9636299023440277.


Package fontspec Info: Times New Roman scale = 0.9636299023440277.


Package fontspec Info: Times New Roman scale = 0.9636299023440277.


Package fontspec Info: Times New Roman scale = 0.9636299023440277.


Package fontspec Info: Times New Roman scale = 0.9636299023440277.


Package fontspec Info: Times New Roman scale = 0.9636299023440277.


Package fontspec Info: Times New Roman scale = 0.9636299023440277.


Package fontspec Info: Times New Roman scale = 0.9636299023440277.


Package fontspec Info: Times New Roman scale = 0.9636299023440277.


Package fontspec Info: Times New Roman scale = 0.9636299023440277.


Package fontspec Info: Times New Roman scale = 0.9636299023440277.


Package fontspec Info: Times New Roman scale = 0.9636299023440277.


Package fontspec Info: Times New Roman scale = 0.9636299023440277.


Package fontspec Info: Times New Roman scale = 0.9636299023440277.


Package fontspec Info: Times New Roman scale = 0.9636299023440277.


Package fontspec Info: Times New Roman scale = 0.9636299023440277.


Package fontspec Info: Times New Roman scale = 0.9636299023440277.


Package fontspec Info: Times New Roman scale = 0.9636299023440277.


Package fontspec Info: Times New Roman scale = 0.9636299023440277.


Package fontspec Info: Times New Roman scale = 0.9636299023440277.


Package fontspec Info: Times New Roman scale = 0.9636299023440277.


Package fontspec Info: Times New Roman scale = 0.9636299023440277.


Package fontspec Info: Times New Roman scale = 0.9636299023440277.


Package fontspec Info: Times New Roman scale = 0.9636299023440277.


Package fontspec Info: Times New Roman scale = 0.9636299023440277.


Package fontspec Info: Times New Roman scale = 0.9636299023440277.


Package fontspec Info: Times New Roman scale = 0.9636299023440277.


Package fontspec Info: Times New Roman scale = 0.9636299023440277.


Package fontspec Info: Times New Roman scale = 0.9636299023440277.


Package fontspec Info: Times New Roman scale = 0.9636299023440277.


Package fontspec Info: Times New Roman scale = 0.9636299023440277.


Package fontspec Info: Times New Roman scale = 0.9636299023440277.


Package fontspec Info: Times New Roman scale = 0.9636299023440277.

File: paper_files/figure-markdown_strict/nice_lm_slopes-1.png Graphic file (typ
e bmp)
<paper_files/figure-markdown_strict/nice_lm_slopes-1.png>
File: C:/Users/there/AppData/Local/R/win-library/4.2/rticles/rmarkdown/template
s/joss/resources/JOSS-logo.png Graphic file (type bmp)
<C:/Users/there/AppData/Local/R/win-library/4.2/rticles/rmarkdown/templates/jos
s/resources/JOSS-logo.png>

Package fancyhdr Warning: \headheight is too small (62.59596pt): 
(fancyhdr)                Make it at least 63.55022pt, for example:
(fancyhdr)                \setlength{\headheight}{63.55022pt}.
(fancyhdr)                You might also make \topmargin smaller to compensate:

(fancyhdr)                \addtolength{\topmargin}{-0.95425pt}.

[7]
File: figures/cormatrix.png Graphic file (type bmp)
<figures/cormatrix.png>
File: figures/cormatrix2.png Graphic file (type bmp)
<figures/cormatrix2.png>

Underfull \hbox (badness 10000) in paragraph at lines 1006--1008
[][]
 []

File: C:/Users/there/AppData/Local/R/win-library/4.2/rticles/rmarkdown/template
s/joss/resources/JOSS-logo.png Graphic file (type bmp)
<C:/Users/there/AppData/Local/R/win-library/4.2/rticles/rmarkdown/templates/jos
s/resources/JOSS-logo.png>

Package fancyhdr Warning: \headheight is too small (62.59596pt): 
(fancyhdr)                Make it at least 63.55022pt, for example:
(fancyhdr)                \setlength{\headheight}{63.55022pt}.
(fancyhdr)                You might also make \topmargin smaller to compensate:

(fancyhdr)                \addtolength{\topmargin}{-0.95425pt}.

[8]
File: paper_files/figure-latex/nice_violin-1.pdf Graphic file (type pdf)
<use paper_files/figure-latex/nice_violin-1.pdf>
File: C:/Users/there/AppData/Local/R/win-library/4.2/rticles/rmarkdown/template
s/joss/resources/JOSS-logo.png Graphic file (type bmp)
<C:/Users/there/AppData/Local/R/win-library/4.2/rticles/rmarkdown/templates/jos
s/resources/JOSS-logo.png>

Package fancyhdr Warning: \headheight is too small (62.59596pt): 
(fancyhdr)                Make it at least 63.55022pt, for example:
(fancyhdr)                \setlength{\headheight}{63.55022pt}.
(fancyhdr)                You might also make \topmargin smaller to compensate:

(fancyhdr)                \addtolength{\topmargin}{-0.95425pt}.

[9]
File: paper_files/figure-latex/nice_scatter-1.pdf Graphic file (type pdf)
<use paper_files/figure-latex/nice_scatter-1.pdf>
File: C:/Users/there/AppData/Local/R/win-library/4.2/rticles/rmarkdown/template
s/joss/resources/JOSS-logo.png Graphic file (type bmp)
<C:/Users/there/AppData/Local/R/win-library/4.2/rticles/rmarkdown/templates/jos
s/resources/JOSS-logo.png>

Package fancyhdr Warning: \headheight is too small (62.59596pt): 
(fancyhdr)                Make it at least 63.55022pt, for example:
(fancyhdr)                \setlength{\headheight}{63.55022pt}.
(fancyhdr)                You might also make \topmargin smaller to compensate:

(fancyhdr)                \addtolength{\topmargin}{-0.95425pt}.

[10]
File: paper_files/figure-latex/nice_scatter-2.pdf Graphic file (type pdf)
<use paper_files/figure-latex/nice_scatter-2.pdf>
File: C:/Users/there/AppData/Local/R/win-library/4.2/rticles/rmarkdown/template
s/joss/resources/JOSS-logo.png Graphic file (type bmp)
<C:/Users/there/AppData/Local/R/win-library/4.2/rticles/rmarkdown/templates/jos
s/resources/JOSS-logo.png>

Package fancyhdr Warning: \headheight is too small (62.59596pt): 
(fancyhdr)                Make it at least 63.55022pt, for example:
(fancyhdr)                \setlength{\headheight}{63.55022pt}.
(fancyhdr)                You might also make \topmargin smaller to compensate:

(fancyhdr)                \addtolength{\topmargin}{-0.95425pt}.

[11]
File: paper_files/figure-latex/overlap_circle-1.pdf Graphic file (type pdf)
<use paper_files/figure-latex/overlap_circle-1.pdf>
File: paper_files/figure-latex/nice_normality-1.pdf Graphic file (type pdf)
<use paper_files/figure-latex/nice_normality-1.pdf>
File: C:/Users/there/AppData/Local/R/win-library/4.2/rticles/rmarkdown/template
s/joss/resources/JOSS-logo.png Graphic file (type bmp)
<C:/Users/there/AppData/Local/R/win-library/4.2/rticles/rmarkdown/templates/jos
s/resources/JOSS-logo.png>

Package fancyhdr Warning: \headheight is too small (62.59596pt): 
(fancyhdr)                Make it at least 63.55022pt, for example:
(fancyhdr)                \setlength{\headheight}{63.55022pt}.
(fancyhdr)                You might also make \topmargin smaller to compensate:

(fancyhdr)                \addtolength{\topmargin}{-0.95425pt}.

[12]
File: paper_files/figure-latex/plot_outliers-1.pdf Graphic file (type pdf)
<use paper_files/figure-latex/plot_outliers-1.pdf>
File: C:/Users/there/AppData/Local/R/win-library/4.2/rticles/rmarkdown/template
s/joss/resources/JOSS-logo.png Graphic file (type bmp)
<C:/Users/there/AppData/Local/R/win-library/4.2/rticles/rmarkdown/templates/jos
s/resources/JOSS-logo.png>

Package fancyhdr Warning: \headheight is too small (62.59596pt): 
(fancyhdr)                Make it at least 63.55022pt, for example:
(fancyhdr)                \setlength{\headheight}{63.55022pt}.
(fancyhdr)                You might also make \topmargin smaller to compensate:

(fancyhdr)                \addtolength{\topmargin}{-0.95425pt}.

[13]

Package fontspec Info: Times New Roman scale = 0.9636299023440277.


Package fontspec Info: Times New Roman scale = 0.9636299023440277.


Package fontspec Info: Times New Roman scale = 0.9636299023440277.


Package fontspec Info: Times New Roman scale = 0.9636299023440277.


Package fontspec Info: Times New Roman scale = 0.9636299023440277.


Package fontspec Info: Times New Roman scale = 0.9636299023440277.


Package fontspec Info: Times New Roman scale = 0.9636299023440277.


Package fontspec Info: Times New Roman scale = 0.9636299023440277.


Package fontspec Info: Times New Roman scale = 0.9636299023440277.


Package fontspec Info: Times New Roman scale = 0.9636299023440277.


Package fontspec Info: Times New Roman scale = 0.9636299023440277.


Package fontspec Info: Times New Roman scale = 0.9636299023440277.


Package fontspec Info: Times New Roman scale = 0.9636299023440277.


Package fontspec Info: Times New Roman scale = 0.9636299023440277.


Package fontspec Info: Times New Roman scale = 0.9636299023440277.


Package fontspec Info: Times New Roman scale = 0.9636299023440277.


Package fontspec Info: Times New Roman scale = 0.9636299023440277.


Package fontspec Info: Times New Roman scale = 0.9636299023440277.


Package fontspec Info: Times New Roman scale = 0.9636299023440277.


Package fontspec Info: Times New Roman scale = 0.9636299023440277.


Package fontspec Info: Times New Roman scale = 0.9636299023440277.


Package fontspec Info: Times New Roman scale = 0.9636299023440277.


Package fontspec Info: Times New Roman scale = 0.9636299023440277.


Package fontspec Info: Times New Roman scale = 0.9636299023440277.


Package fontspec Info: Times New Roman scale = 0.9636299023440277.


Package fontspec Info: Times New Roman scale = 0.9636299023440277.


Package fontspec Info: Times New Roman scale = 0.9636299023440277.


Package fontspec Info: Times New Roman scale = 0.9636299023440277.


Package fontspec Info: Times New Roman scale = 0.9636299023440277.


Package fontspec Info: Times New Roman scale = 0.9636299023440277.


Package fontspec Info: Times New Roman scale = 0.9636299023440277.


Package fontspec Info: Times New Roman scale = 0.9636299023440277.


Package fontspec Info: Times New Roman scale = 0.9636299023440277.


Package fontspec Info: Times New Roman scale = 0.9636299023440277.


Package fontspec Info: Times New Roman scale = 0.9636299023440277.

File: paper_files/figure-markdown_strict/nice_var-1.png Graphic file (type bmp)

<paper_files/figure-markdown_strict/nice_var-1.png>
File: paper_files/figure-latex/nice_var plot-1.pdf Graphic file (type pdf)
<use paper_files/figure-latex/nice_var plot-1.pdf>
File: C:/Users/there/AppData/Local/R/win-library/4.2/rticles/rmarkdown/template
s/joss/resources/JOSS-logo.png Graphic file (type bmp)
<C:/Users/there/AppData/Local/R/win-library/4.2/rticles/rmarkdown/templates/jos
s/resources/JOSS-logo.png>

Package fancyhdr Warning: \headheight is too small (62.59596pt): 
(fancyhdr)                Make it at least 63.55022pt, for example:
(fancyhdr)                \setlength{\headheight}{63.55022pt}.
(fancyhdr)                You might also make \topmargin smaller to compensate:

(fancyhdr)                \addtolength{\topmargin}{-0.95425pt}.

[14]
File: C:/Users/there/AppData/Local/R/win-library/4.2/rticles/rmarkdown/template
s/joss/resources/JOSS-logo.png Graphic file (type bmp)
<C:/Users/there/AppData/Local/R/win-library/4.2/rticles/rmarkdown/templates/jos
s/resources/JOSS-logo.png>

Package fancyhdr Warning: \headheight is too small (62.59596pt): 
(fancyhdr)                Make it at least 63.55022pt, for example:
(fancyhdr)                \setlength{\headheight}{63.55022pt}.
(fancyhdr)                You might also make \topmargin smaller to compensate:

(fancyhdr)                \addtolength{\topmargin}{-0.95425pt}.

[15]
Underfull \hbox (badness 1789) in paragraph at lines 1390--1394
[]\TU/lmr/m/n/10 Parent, M. C. (2013). Handling item-level missing data: Simple
r is just as
 []

File: C:/Users/there/AppData/Local/R/win-library/4.2/rticles/rmarkdown/template
s/joss/resources/JOSS-logo.png Graphic file (type bmp)
<C:/Users/there/AppData/Local/R/win-library/4.2/rticles/rmarkdown/templates/jos
s/resources/JOSS-logo.png>

Package fancyhdr Warning: \headheight is too small (62.59596pt): 
(fancyhdr)                Make it at least 63.55022pt, for example:
(fancyhdr)                \setlength{\headheight}{63.55022pt}.
(fancyhdr)                You might also make \topmargin smaller to compensate:

(fancyhdr)                \addtolength{\topmargin}{-0.95425pt}.

[16]
File: C:/Users/there/AppData/Local/R/win-library/4.2/rticles/rmarkdown/template
s/joss/resources/JOSS-logo.png Graphic file (type bmp)
<C:/Users/there/AppData/Local/R/win-library/4.2/rticles/rmarkdown/templates/jos
s/resources/JOSS-logo.png>

Package fancyhdr Warning: \headheight is too small (62.59596pt): 
(fancyhdr)                Make it at least 63.55022pt, for example:
(fancyhdr)                \setlength{\headheight}{63.55022pt}.
(fancyhdr)                You might also make \topmargin smaller to compensate:

(fancyhdr)                \addtolength{\topmargin}{-0.95425pt}.

[17] (paper.aux)
Package rerunfilecheck Info: File `paper.out' has not changed.
(rerunfilecheck)             Checksum: C8870E5D8E24103E694926F6DC90B20D;2874.
Package logreq Info: Writing requests to 'paper.run.xml'.
\openout1 = `paper.run.xml'.

 ) 
Here is how much of TeX's memory you used:
 37425 strings out of 411511
 759354 string characters out of 5819115
 1880001 words of memory out of 5000000
 57048 multiletter control sequences out of 15000+600000
 519295 words of font info for 97 fonts, out of 8000000 for 9000
 1348 hyphenation exceptions out of 8191
 84i,13n,128p,2215b,850s stack positions out of 10000i,1000n,20000p,200000b,200000s

Output written on paper.pdf (17 pages).
